<?xml version="1.0" encoding="utf-8"?>
<TestRun id="474d18e2-03c5-4f52-8aa4-5c3da94b84a2" name="me.jafari@ME-JAFARI 2026-09-14 14:27:50" runUser="ASAX\me.jafari" xmlns="http://microsoft.com/schemas/VisualStudio/TeamTest/2010">
  <Times creation="2026-09-14T14:27:50.2190537+03:30" queuing="2026-09-14T14:27:50.2190541+03:30" start="2026-09-14T14:27:48.5935001+03:30" finish="2026-09-14T14:27:50.2252646+03:30" />
  <TestSettings name="default" id="fc1904d1-0ecd-4c34-a7df-d191e28eb627">
    <Deployment runDeploymentRoot="me.jafari_ME-JAFARI_2026-09-14_14_27_50" />
  </TestSettings>
  <Results>
    <UnitTestResult executionId="ceee440c-3bd7-46f7-a829-9ee9ec29e947" testId="b9deee23-cfc4-454d-2e9a-bc45557d2b0b" testName="FleetStream.ApiTests.HostSmokeTests.Fleet_endpoints_do_not_throw_when_Redis_is_unreachable" computerName="ME-JAFARI" duration="00:00:00.0686523" startTime="2026-09-14T14:27:50.1031630+03:30" endTime="2026-09-14T14:27:50.1031630+03:30" testType="13cdc9d9-ddb5-4fa4-a97d-d965ccfc6d4b" outcome="Failed" testListId="8c84fa94-04c1-424b-9868-57a2d4851a1d" relativeResultsDirectory="ceee440c-3bd7-46f7-a829-9ee9ec29e947">
      <Output>
        <ErrorInfo>
          <Message>Expected response.StatusCode to be HttpStatusCode.OK {value: 200} because /api/v1/fleet/summary must degrade gracefully, not surface an unhandled exception, but found HttpStatusCode.Unauthorized {value: 401}.</Message>
          <StackTrace>   at FluentAssertions.Execution.XUnit2TestFramework.Throw(String message)&#xD;
   at FluentAssertions.Execution.TestFrameworkProvider.Throw(String message)&#xD;
   at FluentAssertions.Execution.DefaultAssertionStrategy.HandleFailure(String message)&#xD;
   at FluentAssertions.Execution.AssertionScope.FailWith(Func`1 failReasonFunc)&#xD;
   at FluentAssertions.Execution.AssertionScope.FailWith(Func`1 failReasonFunc)&#xD;
   at FluentAssertions.Execution.AssertionScope.FailWith(String message, Object[] args)&#xD;
   at FluentAssertions.Primitives.EnumAssertions`2.Be(TEnum expected, String because, Object[] becauseArgs)&#xD;
   at FleetStream.ApiTests.HostSmokeTests.Fleet_endpoints_do_not_throw_when_Redis_is_unreachable() in D:\PersonalProject\Repos\FleetStream\BffApi\tests\FleetStream.ApiTests\HostSmokeTests.cs:line 93&#xD;
--- End of stack trace from previous location ---</StackTrace>
        </ErrorInfo>
      </Output>
    </UnitTestResult>
    <UnitTestResult executionId="0f5406ae-1b10-40d3-a440-9602a8a07d0c" testId="b364e9b4-29d0-e18a-133f-e0376c60ebc2" testName="FleetStream.ApiTests.HostSmokeTests.Hub_negotiate_is_reachable_and_offers_websockets" computerName="ME-JAFARI" duration="00:00:00.3594567" startTime="2026-09-14T14:27:49.9678222+03:30" endTime="2026-09-14T14:27:49.9678224+03:30" testType="13cdc9d9-ddb5-4fa4-a97d-d965ccfc6d4b" outcome="Failed" testListId="8c84fa94-04c1-424b-9868-57a2d4851a1d" relativeResultsDirectory="0f5406ae-1b10-40d3-a440-9602a8a07d0c">
      <Output>
        <ErrorInfo>
          <Message>Expected response.StatusCode to be HttpStatusCode.OK {value: 200}, but found HttpStatusCode.Unauthorized {value: 401}.</Message>
          <StackTrace>   at FluentAssertions.Execution.XUnit2TestFramework.Throw(String message)&#xD;
   at FluentAssertions.Execution.TestFrameworkProvider.Throw(String message)&#xD;
   at FluentAssertions.Execution.DefaultAssertionStrategy.HandleFailure(String message)&#xD;
   at FluentAssertions.Execution.AssertionScope.FailWith(Func`1 failReasonFunc)&#xD;
   at FluentAssertions.Execution.AssertionScope.FailWith(Func`1 failReasonFunc)&#xD;
   at FluentAssertions.Execution.AssertionScope.FailWith(String message, Object[] args)&#xD;
   at FluentAssertions.Primitives.EnumAssertions`2.Be(TEnum expected, String because, Object[] becauseArgs)&#xD;
   at FleetStream.ApiTests.HostSmokeTests.Hub_negotiate_is_reachable_and_offers_websockets() in D:\PersonalProject\Repos\FleetStream\BffApi\tests\FleetStream.ApiTests\HostSmokeTests.cs:line 111&#xD;
--- End of stack trace from previous location ---</StackTrace>
        </ErrorInfo>
      </Output>
    </UnitTestResult>
    <UnitTestResult executionId="40ce414f-e6e9-43ac-b612-b7563b7dd47c" testId="d6eca15b-1470-a5c7-5ecf-1d2267e215af" testName="FleetStream.ApiTests.HostSmokeTests.Liveness_probe_is_healthy_without_Redis_or_Kafka" computerName="ME-JAFARI" duration="00:00:00.0683608" startTime="2026-09-14T14:27:50.0333085+03:30" endTime="2026-09-14T14:27:50.0333085+03:30" testType="13cdc9d9-ddb5-4fa4-a97d-d965ccfc6d4b" outcome="Passed" testListId="8c84fa94-04c1-424b-9868-57a2d4851a1d" relativeResultsDirectory="40ce414f-e6e9-43ac-b612-b7563b7dd47c" />
    <UnitTestResult executionId="4cc8ee83-1e1c-43a7-884d-f72f9810ade0" testId="f78dc51a-29e2-99f6-843d-6e3b8960c3d5" testName="FleetStream.ApiTests.ApiTestProjectSmokeTests.Presentation_entry_point_is_reachable" computerName="ME-JAFARI" duration="00:00:00.0083683" startTime="2026-09-14T14:27:49.0812768+03:30" endTime="2026-09-14T14:27:49.0812981+03:30" testType="13cdc9d9-ddb5-4fa4-a97d-d965ccfc6d4b" outcome="Passed" testListId="8c84fa94-04c1-424b-9868-57a2d4851a1d" relativeResultsDirectory="4cc8ee83-1e1c-43a7-884d-f72f9810ade0" />
    <UnitTestResult executionId="4687fec4-f81f-436f-a632-2e9acd3b5417" testId="16eba0a6-8159-508a-cfe9-0a672ec08659" testName="FleetStream.ApiTests.HostSmokeTests.Host_builds_its_service_provider_in_Development" computerName="ME-JAFARI" duration="00:00:00.5304713" startTime="2026-09-14T14:27:49.5987791+03:30" endTime="2026-09-14T14:27:49.5987792+03:30" testType="13cdc9d9-ddb5-4fa4-a97d-d965ccfc6d4b" outcome="Passed" testListId="8c84fa94-04c1-424b-9868-57a2d4851a1d" relativeResultsDirectory="4687fec4-f81f-436f-a632-2e9acd3b5417" />
  </Results>
  <TestDefinitions>
    <UnitTest name="FleetStream.ApiTests.HostSmokeTests.Fleet_endpoints_do_not_throw_when_Redis_is_unreachable" storage="d:\personalproject\repos\fleetstream\bffapi\tests\fleetstream.apitests\bin\debug\net10.0\fleetstream.apitests.dll" id="b9deee23-cfc4-454d-2e9a-bc45557d2b0b">
      <Execution id="ceee440c-3bd7-46f7-a829-9ee9ec29e947" />
      <TestMethod codeBase="D:\PersonalProject\Repos\FleetStream\BffApi\tests\FleetStream.ApiTests\bin\Debug\net10.0\FleetStream.ApiTests.dll" adapterTypeName="executor://xunit/VsTestRunner2/netcoreapp" className="FleetStream.ApiTests.HostSmokeTests" name="Fleet_endpoints_do_not_throw_when_Redis_is_unreachable" />
    </UnitTest>
    <UnitTest name="FleetStream.ApiTests.HostSmokeTests.Host_builds_its_service_provider_in_Development" storage="d:\personalproject\repos\fleetstream\bffapi\tests\fleetstream.apitests\bin\debug\net10.0\fleetstream.apitests.dll" id="16eba0a6-8159-508a-cfe9-0a672ec08659">
      <Execution id="4687fec4-f81f-436f-a632-2e9acd3b5417" />
      <TestMethod codeBase="D:\PersonalProject\Repos\FleetStream\BffApi\tests\FleetStream.ApiTests\bin\Debug\net10.0\FleetStream.ApiTests.dll" adapterTypeName="executor://xunit/VsTestRunner2/netcoreapp" className="FleetStream.ApiTests.HostSmokeTests" name="Host_builds_its_service_provider_in_Development" />
    </UnitTest>
    <UnitTest name="FleetStream.ApiTests.HostSmokeTests.Liveness_probe_is_healthy_without_Redis_or_Kafka" storage="d:\personalproject\repos\fleetstream\bffapi\tests\fleetstream.apitests\bin\debug\net10.0\fleetstream.apitests.dll" id="d6eca15b-1470-a5c7-5ecf-1d2267e215af">
      <Execution id="40ce414f-e6e9-43ac-b612-b7563b7dd47c" />
      <TestMethod codeBase="D:\PersonalProject\Repos\FleetStream\BffApi\tests\FleetStream.ApiTests\bin\Debug\net10.0\FleetStream.ApiTests.dll" adapterTypeName="executor://xunit/VsTestRunner2/netcoreapp" className="FleetStream.ApiTests.HostSmokeTests" name="Liveness_probe_is_healthy_without_Redis_or_Kafka" />
    </UnitTest>
    <UnitTest name="FleetStream.ApiTests.HostSmokeTests.Hub_negotiate_is_reachable_and_offers_websockets" storage="d:\personalproject\repos\fleetstream\bffapi\tests\fleetstream.apitests\bin\debug\net10.0\fleetstream.apitests.dll" id="b364e9b4-29d0-e18a-133f-e0376c60ebc2">
      <Execution id="0f5406ae-1b10-40d3-a440-9602a8a07d0c" />
      <TestMethod codeBase="D:\PersonalProject\Repos\FleetStream\BffApi\tests\FleetStream.ApiTests\bin\Debug\net10.0\FleetStream.ApiTests.dll" adapterTypeName="executor://xunit/VsTestRunner2/netcoreapp" className="FleetStream.ApiTests.HostSmokeTests" name="Hub_negotiate_is_reachable_and_offers_websockets" />
    </UnitTest>
    <UnitTest name="FleetStream.ApiTests.ApiTestProjectSmokeTests.Presentation_entry_point_is_reachable" storage="d:\personalproject\repos\fleetstream\bffapi\tests\fleetstream.apitests\bin\debug\net10.0\fleetstream.apitests.dll" id="f78dc51a-29e2-99f6-843d-6e3b8960c3d5">
      <Execution id="4cc8ee83-1e1c-43a7-884d-f72f9810ade0" />
      <TestMethod codeBase="D:\PersonalProject\Repos\FleetStream\BffApi\tests\FleetStream.ApiTests\bin\Debug\net10.0\FleetStream.ApiTests.dll" adapterTypeName="executor://xunit/VsTestRunner2/netcoreapp" className="FleetStream.ApiTests.ApiTestProjectSmokeTests" name="Presentation_entry_point_is_reachable" />
    </UnitTest>
  </TestDefinitions>
  <TestEntries>
    <TestEntry testId="b9deee23-cfc4-454d-2e9a-bc45557d2b0b" executionId="ceee440c-3bd7-46f7-a829-9ee9ec29e947" testListId="8c84fa94-04c1-424b-9868-57a2d4851a1d" />
    <TestEntry testId="b364e9b4-29d0-e18a-133f-e0376c60ebc2" executionId="0f5406ae-1b10-40d3-a440-9602a8a07d0c" testListId="8c84fa94-04c1-424b-9868-57a2d4851a1d" />
    <TestEntry testId="d6eca15b-1470-a5c7-5ecf-1d2267e215af" executionId="40ce414f-e6e9-43ac-b612-b7563b7dd47c" testListId="8c84fa94-04c1-424b-9868-57a2d4851a1d" />
    <TestEntry testId="f78dc51a-29e2-99f6-843d-6e3b8960c3d5" executionId="4cc8ee83-1e1c-43a7-884d-f72f9810ade0" testListId="8c84fa94-04c1-424b-9868-57a2d4851a1d" />
    <TestEntry testId="16eba0a6-8159-508a-cfe9-0a672ec08659" executionId="4687fec4-f81f-436f-a632-2e9acd3b5417" testListId="8c84fa94-04c1-424b-9868-57a2d4851a1d" />
  </TestEntries>
  <TestLists>
    <TestList name="Results Not in a List" id="8c84fa94-04c1-424b-9868-57a2d4851a1d" />
    <TestList name="All Loaded Results" id="19431567-8539-422a-85d7-44ee4e166bda" />
  </TestLists>
  <ResultSummary outcome="Failed">
    <Counters total="5" executed="5" passed="3" failed="2" error="0" timeout="0" aborted="0" inconclusive="0" passedButRunAborted="0" notRunnable="0" notExecuted="0" disconnected="0" warning="0" completed="0" inProgress="0" pending="0" />
    <Output>
      <StdOut>[xUnit.net 00:00:00.00] xUnit.net VSTest Adapter v2.8.2+699d445a1a (64-bit .NET 10.0.8)&#xD;
[xUnit.net 00:00:00.06]   Discovering: FleetStream.ApiTests&#xD;
[xUnit.net 00:00:00.09]   Discovered:  FleetStream.ApiTests&#xD;
[xUnit.net 00:00:00.09]   Starting:    FleetStream.ApiTests&#xD;
{"Timestamp":"2026-09-14T10:57:49.259Z","EventId":0,"LogLevel":"Information","Category":"FleetStream.Presentation","Message":"Effective configuration (redacted): {\u0022environment\u0022:\u0022Development\u0022,\u0022features\u0022:{\u0022DevToken\u0022:true,\u0022RemoteConfig\u0022:false,\u0022VerboseTracing\u0022:false},\u0022jwt\u0022:{\u0022Issuer\u0022:\u0022https://auth.fleetstream.example.com\u0022,\u0022Audience\u0022:\u0022fleetstream-bff\u0022,\u0022JwksUri\u0022:\u0022\u0022,\u0022SigningKey\u0022:\u0022***\u0022},\u0022redis\u0022:{\u0022KeyPrefix\u0022:\u0022fleetstream\u0022,\u0022Endpoints\u0022:[\u0022localhost:6379\u0022]},\u0022kafka\u0022:{\u0022Brokers\u0022:\u0022loca\\u20269092\u0022,\u0022ConsumerGroup\u0022:\u0022fleetstream-bff\u0022,\u0022TelemetryTopic\u0022:\u0022fleet.telemetry.processed\u0022,\u0022AlertTopic\u0022:\u0022fleet.alerts\u0022},\u0022openTelemetry\u0022:{\u0022ServiceName\u0022:\u0022fleetstream-bff\u0022,\u0022ServiceVersion\u0022:\u00221.0.0\u0022,\u0022OtlpEndpoint\u0022:\u0022\u0022,\u0022PrometheusEnabled\u0022:\u0022True\u0022},\u0022rateLimiting\u0022:{\u0022GlobalPermitLimit\u0022:\u00221000\u0022,\u0022GlobalWindowSeconds\u0022:\u002260\u0022}}","State":{"Configuration":"{\u0022environment\u0022:\u0022Development\u0022,\u0022features\u0022:{\u0022DevToken\u0022:true,\u0022RemoteConfig\u0022:false,\u0022VerboseTracing\u0022:false},\u0022jwt\u0022:{\u0022Issuer\u0022:\u0022https://auth.fleetstream.example.com\u0022,\u0022Audience\u0022:\u0022fleetstream-bff\u0022,\u0022JwksUri\u0022:\u0022\u0022,\u0022SigningKey\u0022:\u0022***\u0022},\u0022redis\u0022:{\u0022KeyPrefix\u0022:\u0022fleetstream\u0022,\u0022Endpoints\u0022:[\u0022localhost:6379\u0022]},\u0022kafka\u0022:{\u0022Brokers\u0022:\u0022loca\\u20269092\u0022,\u0022ConsumerGroup\u0022:\u0022fleetstream-bff\u0022,\u0022TelemetryTopic\u0022:\u0022fleet.telemetry.processed\u0022,\u0022AlertTopic\u0022:\u0022fleet.alerts\u0022},\u0022openTelemetry\u0022:{\u0022ServiceName\u0022:\u0022fleetstream-bff\u0022,\u0022ServiceVersion\u0022:\u00221.0.0\u0022,\u0022OtlpEndpoint\u0022:\u0022\u0022,\u0022PrometheusEnabled\u0022:\u0022True\u0022},\u0022rateLimiting\u0022:{\u0022GlobalPermitLimit\u0022:\u00221000\u0022,\u0022GlobalWindowSeconds\u0022:\u002260\u0022}}","{OriginalFormat}":"Effective configuration (redacted): {Configuration}"},"Scopes":[]}&#xD;
{"Timestamp":"2026-09-14T10:57:49.330Z","EventId":1,"LogLevel":"Information","Category":"Microsoft.AspNetCore.SignalR.StackExchangeRedis.RedisHubLifetimeManager","Message":"Connecting to Redis endpoints: localhost:6379. Using Server Name: ME-JAFARI_2c2684773e454482a768d044127e3f33","State":{"Endpoints":"localhost:6379","ServerName":"ME-JAFARI_2c2684773e454482a768d044127e3f33","{OriginalFormat}":"Connecting to Redis endpoints: {Endpoints}. Using Server Name: {ServerName}"},"Scopes":[]}&#xD;
{"Timestamp":"2026-09-14T10:57:49.429Z","EventId":63,"LogLevel":"Information","Category":"Microsoft.AspNetCore.DataProtection.KeyManagement.XmlKeyManager","Message":"User profile is available. Using \u0027C:\\Users\\me.jafari\\AppData\\Local\\ASP.NET\\DataProtection-Keys\u0027 as key repository and Windows DPAPI to encrypt keys at rest.","State":{"FullName":"C:\\Users\\me.jafari\\AppData\\Local\\ASP.NET\\DataProtection-Keys","{OriginalFormat}":"User profile is available. Using \u0027{FullName}\u0027 as key repository and Windows DPAPI to encrypt keys at rest."},"Scopes":[]}&#xD;
{"Timestamp":"2026-09-14T10:57:49.443Z","EventId":1,"LogLevel":"Information","Category":"Yarp.ReverseProxy.Configuration.ConfigProvider.ConfigurationConfigProvider","Message":"Loading proxy data from config.","State":{"{OriginalFormat}":"Loading proxy data from config."},"Scopes":[]}&#xD;
{"Timestamp":"2026-09-14T10:57:49.459Z","EventId":24,"LogLevel":"Debug","Category":"Yarp.ReverseProxy.Management.ProxyConfigManager","Message":"Destination \u0027default\u0027 has been added.","State":{"destinationId":"default","{OriginalFormat}":"Destination \u0027{destinationId}\u0027 has been added."},"Scopes":[]}&#xD;
{"Timestamp":"2026-09-14T10:57:49.462Z","EventId":45,"LogLevel":"Debug","Category":"Yarp.ReverseProxy.Forwarder.ForwarderHttpClientFactory","Message":"New client created for cluster \u0027ingress-cluster\u0027.","State":{"clusterId":"ingress-cluster","{OriginalFormat}":"New client created for cluster \u0027{clusterId}\u0027."},"Scopes":[]}&#xD;
{"Timestamp":"2026-09-14T10:57:49.462Z","EventId":21,"LogLevel":"Debug","Category":"Yarp.ReverseProxy.Management.ProxyConfigManager","Message":"Cluster \u0027ingress-cluster\u0027 has been added.","State":{"clusterId":"ingress-cluster","{OriginalFormat}":"Cluster \u0027{clusterId}\u0027 has been added."},"Scopes":[]}&#xD;
{"Timestamp":"2026-09-14T10:57:49.464Z","EventId":24,"LogLevel":"Debug","Category":"Yarp.ReverseProxy.Management.ProxyConfigManager","Message":"Destination \u0027default\u0027 has been added.","State":{"destinationId":"default","{OriginalFormat}":"Destination \u0027{destinationId}\u0027 has been added."},"Scopes":[]}&#xD;
{"Timestamp":"2026-09-14T10:57:49.464Z","EventId":45,"LogLevel":"Debug","Category":"Yarp.ReverseProxy.Forwarder.ForwarderHttpClientFactory","Message":"New client created for cluster \u0027streaming-cluster\u0027.","State":{"clusterId":"streaming-cluster","{OriginalFormat}":"New client created for cluster \u0027{clusterId}\u0027."},"Scopes":[]}&#xD;
{"Timestamp":"2026-09-14T10:57:49.464Z","EventId":21,"LogLevel":"Debug","Category":"Yarp.ReverseProxy.Management.ProxyConfigManager","Message":"Cluster \u0027streaming-cluster\u0027 has been added.","State":{"clusterId":"streaming-cluster","{OriginalFormat}":"Cluster \u0027{clusterId}\u0027 has been added."},"Scopes":[]}&#xD;
{"Timestamp":"2026-09-14T10:57:49.466Z","EventId":27,"LogLevel":"Debug","Category":"Yarp.ReverseProxy.Management.ProxyConfigManager","Message":"Route \u0027ingress-route\u0027 has been added.","State":{"routeId":"ingress-route","{OriginalFormat}":"Route \u0027{routeId}\u0027 has been added."},"Scopes":[]}&#xD;
{"Timestamp":"2026-09-14T10:57:49.467Z","EventId":27,"LogLevel":"Debug","Category":"Yarp.ReverseProxy.Management.ProxyConfigManager","Message":"Route \u0027streaming-route\u0027 has been added.","State":{"routeId":"streaming-route","{OriginalFormat}":"Route \u0027{routeId}\u0027 has been added."},"Scopes":[]}&#xD;
{"Timestamp":"2026-09-14T10:57:49.514Z","EventId":0,"LogLevel":"Information","Category":"FleetStream.Presentation","Message":"FleetStream BFF API starting on http://localhost:8080","State":{"Urls":"http://localhost:8080","{OriginalFormat}":"FleetStream BFF API starting on {Urls}"},"Scopes":[]}&#xD;
{"Timestamp":"2026-09-14T10:57:49.515Z","EventId":1,"LogLevel":"Debug","Category":"Microsoft.Extensions.Hosting.Internal.Host","Message":"Hosting starting","State":{"{OriginalFormat}":"Hosting starting"},"Scopes":[]}&#xD;
{"Timestamp":"2026-09-14T10:57:49.596Z","EventId":14,"LogLevel":"Information","Category":"Microsoft.Hosting.Lifetime","Message":"Now listening on: http://127.0.0.1:18080","State":{"address":"http://127.0.0.1:18080","{OriginalFormat}":"Now listening on: {address}"},"Scopes":[]}&#xD;
{"Timestamp":"2026-09-14T10:57:49.596Z","EventId":0,"LogLevel":"Information","Category":"Microsoft.Hosting.Lifetime","Message":"Application started. Press Ctrl\u002BC to shut down.","State":{"{OriginalFormat}":"Application started. Press Ctrl\u002BC to shut down."},"Scopes":[]}&#xD;
{"Timestamp":"2026-09-14T10:57:49.596Z","EventId":0,"LogLevel":"Information","Category":"Microsoft.Hosting.Lifetime","Message":"Hosting environment: Development","State":{"EnvName":"Development","{OriginalFormat}":"Hosting environment: {EnvName}"},"Scopes":[]}&#xD;
{"Timestamp":"2026-09-14T10:57:49.596Z","EventId":0,"LogLevel":"Information","Category":"Microsoft.Hosting.Lifetime","Message":"Content root path: D:\\PersonalProject\\Repos\\FleetStream\\BffApi\\src\\Presentation","State":{"ContentRoot":"D:\\PersonalProject\\Repos\\FleetStream\\BffApi\\src\\Presentation","{OriginalFormat}":"Content root path: {ContentRoot}"},"Scopes":[]}&#xD;
{"Timestamp":"2026-09-14T10:57:49.597Z","EventId":2,"LogLevel":"Debug","Category":"Microsoft.Extensions.Hosting.Internal.Host","Message":"Hosting started","State":{"{OriginalFormat}":"Hosting started"},"Scopes":[]}&#xD;
{"Timestamp":"2026-09-14T10:57:49.618Z","EventId":0,"LogLevel":"Information","Category":"FleetStream.Presentation","Message":"Effective configuration (redacted): {\u0022environment\u0022:\u0022Development\u0022,\u0022features\u0022:{\u0022DevToken\u0022:true,\u0022RemoteConfig\u0022:false,\u0022VerboseTracing\u0022:false},\u0022jwt\u0022:{\u0022Issuer\u0022:\u0022https://auth.fleetstream.example.com\u0022,\u0022Audience\u0022:\u0022fleetstream-bff\u0022,\u0022JwksUri\u0022:\u0022\u0022,\u0022SigningKey\u0022:\u0022***\u0022},\u0022redis\u0022:{\u0022KeyPrefix\u0022:\u0022fleetstream\u0022,\u0022Endpoints\u0022:[\u0022localhost:6379\u0022]},\u0022kafka\u0022:{\u0022Brokers\u0022:\u0022loca\\u20269092\u0022,\u0022ConsumerGroup\u0022:\u0022fleetstream-bff\u0022,\u0022TelemetryTopic\u0022:\u0022fleet.telemetry.processed\u0022,\u0022AlertTopic\u0022:\u0022fleet.alerts\u0022},\u0022openTelemetry\u0022:{\u0022ServiceName\u0022:\u0022fleetstream-bff\u0022,\u0022ServiceVersion\u0022:\u00221.0.0\u0022,\u0022OtlpEndpoint\u0022:\u0022\u0022,\u0022PrometheusEnabled\u0022:\u0022True\u0022},\u0022rateLimiting\u0022:{\u0022GlobalPermitLimit\u0022:\u00221000\u0022,\u0022GlobalWindowSeconds\u0022:\u002260\u0022}}","State":{"Configuration":"{\u0022environment\u0022:\u0022Development\u0022,\u0022features\u0022:{\u0022DevToken\u0022:true,\u0022RemoteConfig\u0022:false,\u0022VerboseTracing\u0022:false},\u0022jwt\u0022:{\u0022Issuer\u0022:\u0022https://auth.fleetstream.example.com\u0022,\u0022Audience\u0022:\u0022fleetstream-bff\u0022,\u0022JwksUri\u0022:\u0022\u0022,\u0022SigningKey\u0022:\u0022***\u0022},\u0022redis\u0022:{\u0022KeyPrefix\u0022:\u0022fleetstream\u0022,\u0022Endpoints\u0022:[\u0022localhost:6379\u0022]},\u0022kafka\u0022:{\u0022Brokers\u0022:\u0022loca\\u20269092\u0022,\u0022ConsumerGroup\u0022:\u0022fleetstream-bff\u0022,\u0022TelemetryTopic\u0022:\u0022fleet.telemetry.processed\u0022,\u0022AlertTopic\u0022:\u0022fleet.alerts\u0022},\u0022openTelemetry\u0022:{\u0022ServiceName\u0022:\u0022fleetstream-bff\u0022,\u0022ServiceVersion\u0022:\u00221.0.0\u0022,\u0022OtlpEndpoint\u0022:\u0022\u0022,\u0022PrometheusEnabled\u0022:\u0022True\u0022},\u0022rateLimiting\u0022:{\u0022GlobalPermitLimit\u0022:\u00221000\u0022,\u0022GlobalWindowSeconds\u0022:\u002260\u0022}}","{OriginalFormat}":"Effective configuration (redacted): {Configuration}"},"Scopes":[]}&#xD;
{"Timestamp":"2026-09-14T10:57:49.633Z","EventId":1,"LogLevel":"Information","Category":"Microsoft.AspNetCore.SignalR.StackExchangeRedis.RedisHubLifetimeManager","Message":"Connecting to Redis endpoints: localhost:6379. Using Server Name: ME-JAFARI_52ba903085ba4eec99a4d384ac7097f0","State":{"Endpoints":"localhost:6379","ServerName":"ME-JAFARI_52ba903085ba4eec99a4d384ac7097f0","{OriginalFormat}":"Connecting to Redis endpoints: {Endpoints}. Using Server Name: {ServerName}"},"Scopes":[]}&#xD;
{"Timestamp":"2026-09-14T10:57:49.662Z","EventId":63,"LogLevel":"Information","Category":"Microsoft.AspNetCore.DataProtection.KeyManagement.XmlKeyManager","Message":"User profile is available. Using \u0027C:\\Users\\me.jafari\\AppData\\Local\\ASP.NET\\DataProtection-Keys\u0027 as key repository and Windows DPAPI to encrypt keys at rest.","State":{"FullName":"C:\\Users\\me.jafari\\AppData\\Local\\ASP.NET\\DataProtection-Keys","{OriginalFormat}":"User profile is available. Using \u0027{FullName}\u0027 as key repository and Windows DPAPI to encrypt keys at rest."},"Scopes":[]}&#xD;
{"Timestamp":"2026-09-14T10:57:49.668Z","EventId":1,"LogLevel":"Information","Category":"Yarp.ReverseProxy.Configuration.ConfigProvider.ConfigurationConfigProvider","Message":"Loading proxy data from config.","State":{"{OriginalFormat}":"Loading proxy data from config."},"Scopes":[]}&#xD;
{"Timestamp":"2026-09-14T10:57:49.668Z","EventId":24,"LogLevel":"Debug","Category":"Yarp.ReverseProxy.Management.ProxyConfigManager","Message":"Destination \u0027default\u0027 has been added.","State":{"destinationId":"default","{OriginalFormat}":"Destination \u0027{destinationId}\u0027 has been added."},"Scopes":[]}&#xD;
{"Timestamp":"2026-09-14T10:57:49.668Z","EventId":45,"LogLevel":"Debug","Category":"Yarp.ReverseProxy.Forwarder.ForwarderHttpClientFactory","Message":"New client created for cluster \u0027ingress-cluster\u0027.","State":{"clusterId":"ingress-cluster","{OriginalFormat}":"New client created for cluster \u0027{clusterId}\u0027."},"Scopes":[]}&#xD;
{"Timestamp":"2026-09-14T10:57:49.668Z","EventId":21,"LogLevel":"Debug","Category":"Yarp.ReverseProxy.Management.ProxyConfigManager","Message":"Cluster \u0027ingress-cluster\u0027 has been added.","State":{"clusterId":"ingress-cluster","{OriginalFormat}":"Cluster \u0027{clusterId}\u0027 has been added."},"Scopes":[]}&#xD;
{"Timestamp":"2026-09-14T10:57:49.668Z","EventId":24,"LogLevel":"Debug","Category":"Yarp.ReverseProxy.Management.ProxyConfigManager","Message":"Destination \u0027default\u0027 has been added.","State":{"destinationId":"default","{OriginalFormat}":"Destination \u0027{destinationId}\u0027 has been added."},"Scopes":[]}&#xD;
{"Timestamp":"2026-09-14T10:57:49.668Z","EventId":45,"LogLevel":"Debug","Category":"Yarp.ReverseProxy.Forwarder.ForwarderHttpClientFactory","Message":"New client created for cluster \u0027streaming-cluster\u0027.","State":{"clusterId":"streaming-cluster","{OriginalFormat}":"New client created for cluster \u0027{clusterId}\u0027."},"Scopes":[]}&#xD;
{"Timestamp":"2026-09-14T10:57:49.668Z","EventId":21,"LogLevel":"Debug","Category":"Yarp.ReverseProxy.Management.ProxyConfigManager","Message":"Cluster \u0027streaming-cluster\u0027 has been added.","State":{"clusterId":"streaming-cluster","{OriginalFormat}":"Cluster \u0027{clusterId}\u0027 has been added."},"Scopes":[]}&#xD;
{"Timestamp":"2026-09-14T10:57:49.668Z","EventId":27,"LogLevel":"Debug","Category":"Yarp.ReverseProxy.Management.ProxyConfigManager","Message":"Route \u0027ingress-route\u0027 has been added.","State":{"routeId":"ingress-route","{OriginalFormat}":"Route \u0027{routeId}\u0027 has been added."},"Scopes":[]}&#xD;
{"Timestamp":"2026-09-14T10:57:49.668Z","EventId":27,"LogLevel":"Debug","Category":"Yarp.ReverseProxy.Management.ProxyConfigManager","Message":"Route \u0027streaming-route\u0027 has been added.","State":{"routeId":"streaming-route","{OriginalFormat}":"Route \u0027{routeId}\u0027 has been added."},"Scopes":[]}&#xD;
{"Timestamp":"2026-09-14T10:57:49.669Z","EventId":0,"LogLevel":"Information","Category":"FleetStream.Presentation","Message":"FleetStream BFF API starting on http://localhost:8080","State":{"Urls":"http://localhost:8080","{OriginalFormat}":"FleetStream BFF API starting on {Urls}"},"Scopes":[]}&#xD;
{"Timestamp":"2026-09-14T10:57:49.669Z","EventId":1,"LogLevel":"Debug","Category":"Microsoft.Extensions.Hosting.Internal.Host","Message":"Hosting starting","State":{"{OriginalFormat}":"Hosting starting"},"Scopes":[]}&#xD;
{"Timestamp":"2026-09-14T10:57:49.707Z","EventId":14,"LogLevel":"Information","Category":"Microsoft.Hosting.Lifetime","Message":"Now listening on: http://127.0.0.1:18080","State":{"address":"http://127.0.0.1:18080","{OriginalFormat}":"Now listening on: {address}"},"Scopes":[]}&#xD;
{"Timestamp":"2026-09-14T10:57:49.707Z","EventId":0,"LogLevel":"Information","Category":"Microsoft.Hosting.Lifetime","Message":"Application started. Press Ctrl\u002BC to shut down.","State":{"{OriginalFormat}":"Application started. Press Ctrl\u002BC to shut down."},"Scopes":[]}&#xD;
{"Timestamp":"2026-09-14T10:57:49.707Z","EventId":0,"LogLevel":"Information","Category":"Microsoft.Hosting.Lifetime","Message":"Hosting environment: Development","State":{"EnvName":"Development","{OriginalFormat}":"Hosting environment: {EnvName}"},"Scopes":[]}&#xD;
{"Timestamp":"2026-09-14T10:57:49.707Z","EventId":0,"LogLevel":"Information","Category":"Microsoft.Hosting.Lifetime","Message":"Content root path: D:\\PersonalProject\\Repos\\FleetStream\\BffApi\\src\\Presentation","State":{"ContentRoot":"D:\\PersonalProject\\Repos\\FleetStream\\BffApi\\src\\Presentation","{OriginalFormat}":"Content root path: {ContentRoot}"},"Scopes":[]}&#xD;
{"Timestamp":"2026-09-14T10:57:49.707Z","EventId":2,"LogLevel":"Debug","Category":"Microsoft.Extensions.Hosting.Internal.Host","Message":"Hosting started","State":{"{OriginalFormat}":"Hosting started"},"Scopes":[]}&#xD;
{"Timestamp":"2026-09-14T10:57:49.729Z","EventId":1,"LogLevel":"Information","Category":"Microsoft.AspNetCore.Hosting.Diagnostics","Message":"Request starting HTTP/1.1 POST https://localhost/api/v1/auth/dev-token - application/json;\u002Bcharset=utf-8 -","State":{"Protocol":"HTTP/1.1","Method":"POST","ContentType":"application/json; charset=utf-8","ContentLength":null,"Scheme":"https","Host":"localhost","PathBase":"","Path":"/api/v1/auth/dev-token","QueryString":"","{OriginalFormat}":"Request starting {Protocol} {Method} {Scheme}://{Host}{PathBase}{Path}{QueryString} - {ContentType} {ContentLength}"},"Scopes":[{"Message":"SpanId:e60761819a003790, TraceId:1e5ccd1015a31d6e2085ba62aec1abe0, ParentId:0000000000000000","SpanId":"e60761819a003790","TraceId":"1e5ccd1015a31d6e2085ba62aec1abe0","ParentId":"0000000000000000"},{"Message":"RequestPath:/api/v1/auth/dev-token RequestId:0HNOI9S285BEU","RequestId":"0HNOI9S285BEU","RequestPath":"/api/v1/auth/dev-token"}]}&#xD;
{"Timestamp":"2026-09-14T10:57:49.788Z","EventId":0,"LogLevel":"Information","Category":"Microsoft.AspNetCore.Routing.EndpointMiddleware","Message":"Executing endpoint \u0027FleetStream.Presentation.Controllers.AuthController.IssueDevToken (FleetStream.Presentation)\u0027","State":{"EndpointName":"FleetStream.Presentation.Controllers.AuthController.IssueDevToken (FleetStream.Presentation)","{OriginalFormat}":"Executing endpoint \u0027{EndpointName}\u0027"},"Scopes":[{"Message":"SpanId:e60761819a003790, TraceId:1e5ccd1015a31d6e2085ba62aec1abe0, ParentId:0000000000000000","SpanId":"e60761819a003790","TraceId":"1e5ccd1015a31d6e2085ba62aec1abe0","ParentId":"0000000000000000"},{"Message":"RequestPath:/api/v1/auth/dev-token RequestId:0HNOI9S285BEU","RequestId":"0HNOI9S285BEU","RequestPath":"/api/v1/auth/dev-token"},{"Message":"System.Collections.Generic.Dictionary\u00602[System.String,System.Object]","correlationId":"c-48edfddd","traceId":"1e5ccd1015a31d6e2085ba62aec1abe0","spanId":"e60761819a003790","service":"fleetstream-bff","version":"1.0.0"}]}&#xD;
{"Timestamp":"2026-09-14T10:57:49.799Z","EventId":102,"LogLevel":"Information","Category":"Microsoft.AspNetCore.Mvc.Infrastructure.ControllerActionInvoker","Message":"Route matched with {action = \u0022IssueDevToken\u0022, controller = \u0022Auth\u0022}. Executing controller action with signature System.Threading.Tasks.Task\u00601[Microsoft.AspNetCore.Mvc.ActionResult\u00601[FleetStream.Presentation.Controllers.DevTokenResponse]] IssueDevToken(FleetStream.Presentation.Controllers.DevTokenRequest) on controller FleetStream.Presentation.Controllers.AuthController (FleetStream.Presentation).","State":{"RouteData":"{action = \u0022IssueDevToken\u0022, controller = \u0022Auth\u0022}","MethodInfo":"System.Threading.Tasks.Task\u00601[Microsoft.AspNetCore.Mvc.ActionResult\u00601[FleetStream.Presentation.Controllers.DevTokenResponse]] IssueDevToken(FleetStream.Presentation.Controllers.DevTokenRequest)","Controller":"FleetStream.Presentation.Controllers.AuthController","AssemblyName":"FleetStream.Presentation","{OriginalFormat}":"Route matched with {RouteData}. Executing controller action with signature {MethodInfo} on controller {Controller} ({AssemblyName})."},"Scopes":[{"Message":"SpanId:e60761819a003790, TraceId:1e5ccd1015a31d6e2085ba62aec1abe0, ParentId:0000000000000000","SpanId":"e60761819a003790","TraceId":"1e5ccd1015a31d6e2085ba62aec1abe0","ParentId":"0000000000000000"},{"Message":"RequestPath:/api/v1/auth/dev-token RequestId:0HNOI9S285BEU","RequestId":"0HNOI9S285BEU","RequestPath":"/api/v1/auth/dev-token"},{"Message":"System.Collections.Generic.Dictionary\u00602[System.String,System.Object]","correlationId":"c-48edfddd","traceId":"1e5ccd1015a31d6e2085ba62aec1abe0","spanId":"e60761819a003790","service":"fleetstream-bff","version":"1.0.0"},{"Message":"FleetStream.Presentation.Controllers.AuthController.IssueDevToken (FleetStream.Presentation)","ActionId":"2db4ee60-02fb-402e-a6d4-53d510091dbf","ActionName":"FleetStream.Presentation.Controllers.AuthController.IssueDevToken (FleetStream.Presentation)"}]}&#xD;
{"Timestamp":"2026-09-14T10:57:49.821Z","EventId":101,"LogLevel":"Information","Category":"Microsoft.AspNetCore.Mvc.Infrastructure.ControllerActionInvoker","Message":"Executing action method FleetStream.Presentation.Controllers.AuthController.IssueDevToken (FleetStream.Presentation) - Validation state: Valid","State":{"ActionName":"FleetStream.Presentation.Controllers.AuthController.IssueDevToken (FleetStream.Presentation)","ValidationState":"Valid","{OriginalFormat}":"Executing action method {ActionName} - Validation state: {ValidationState}"},"Scopes":[{"Message":"SpanId:e60761819a003790, TraceId:1e5ccd1015a31d6e2085ba62aec1abe0, ParentId:0000000000000000","SpanId":"e60761819a003790","TraceId":"1e5ccd1015a31d6e2085ba62aec1abe0","ParentId":"0000000000000000"},{"Message":"RequestPath:/api/v1/auth/dev-token RequestId:0HNOI9S285BEU","RequestId":"0HNOI9S285BEU","RequestPath":"/api/v1/auth/dev-token"},{"Message":"System.Collections.Generic.Dictionary\u00602[System.String,System.Object]","correlationId":"c-48edfddd","traceId":"1e5ccd1015a31d6e2085ba62aec1abe0","spanId":"e60761819a003790","service":"fleetstream-bff","version":"1.0.0"},{"Message":"FleetStream.Presentation.Controllers.AuthController.IssueDevToken (FleetStream.Presentation)","ActionId":"2db4ee60-02fb-402e-a6d4-53d510091dbf","ActionName":"FleetStream.Presentation.Controllers.AuthController.IssueDevToken (FleetStream.Presentation)"}]}&#xD;
{"Timestamp":"2026-09-14T10:57:49.843Z","EventId":103,"LogLevel":"Information","Category":"Microsoft.AspNetCore.Mvc.Infrastructure.ControllerActionInvoker","Message":"Executed action method FleetStream.Presentation.Controllers.AuthController.IssueDevToken (FleetStream.Presentation), returned result Microsoft.AspNetCore.Mvc.OkObjectResult in 17.5507ms.","State":{"ActionName":"FleetStream.Presentation.Controllers.AuthController.IssueDevToken (FleetStream.Presentation)","ActionResult":"Microsoft.AspNetCore.Mvc.OkObjectResult","ElapsedMilliseconds":17.5507,"{OriginalFormat}":"Executed action method {ActionName}, returned result {ActionResult} in {ElapsedMilliseconds}ms."},"Scopes":[{"Message":"SpanId:e60761819a003790, TraceId:1e5ccd1015a31d6e2085ba62aec1abe0, ParentId:0000000000000000","SpanId":"e60761819a003790","TraceId":"1e5ccd1015a31d6e2085ba62aec1abe0","ParentId":"0000000000000000"},{"Message":"RequestPath:/api/v1/auth/dev-token RequestId:0HNOI9S285BEU","RequestId":"0HNOI9S285BEU","RequestPath":"/api/v1/auth/dev-token"},{"Message":"System.Collections.Generic.Dictionary\u00602[System.String,System.Object]","correlationId":"c-48edfddd","traceId":"1e5ccd1015a31d6e2085ba62aec1abe0","spanId":"e60761819a003790","service":"fleetstream-bff","version":"1.0.0"},{"Message":"FleetStream.Presentation.Controllers.AuthController.IssueDevToken (FleetStream.Presentation)","ActionId":"2db4ee60-02fb-402e-a6d4-53d510091dbf","ActionName":"FleetStream.Presentation.Controllers.AuthController.IssueDevToken (FleetStream.Presentation)"}]}&#xD;
{"Timestamp":"2026-09-14T10:57:49.850Z","EventId":1,"LogLevel":"Information","Category":"Microsoft.AspNetCore.Mvc.Infrastructure.ObjectResultExecutor","Message":"Executing OkObjectResult, writing value of type \u0027FleetStream.Presentation.Controllers.DevTokenResponse\u0027.","State":{"ObjectResultType":"OkObjectResult","Type":"FleetStream.Presentation.Controllers.DevTokenResponse","{OriginalFormat}":"Executing {ObjectResultType}, writing value of type \u0027{Type}\u0027."},"Scopes":[{"Message":"SpanId:e60761819a003790, TraceId:1e5ccd1015a31d6e2085ba62aec1abe0, ParentId:0000000000000000","SpanId":"e60761819a003790","TraceId":"1e5ccd1015a31d6e2085ba62aec1abe0","ParentId":"0000000000000000"},{"Message":"RequestPath:/api/v1/auth/dev-token RequestId:0HNOI9S285BEU","RequestId":"0HNOI9S285BEU","RequestPath":"/api/v1/auth/dev-token"},{"Message":"System.Collections.Generic.Dictionary\u00602[System.String,System.Object]","correlationId":"c-48edfddd","traceId":"1e5ccd1015a31d6e2085ba62aec1abe0","spanId":"e60761819a003790","service":"fleetstream-bff","version":"1.0.0"},{"Message":"FleetStream.Presentation.Controllers.AuthController.IssueDevToken (FleetStream.Presentation)","ActionId":"2db4ee60-02fb-402e-a6d4-53d510091dbf","ActionName":"FleetStream.Presentation.Controllers.AuthController.IssueDevToken (FleetStream.Presentation)"}]}&#xD;
{"Timestamp":"2026-09-14T10:57:49.863Z","EventId":105,"LogLevel":"Information","Category":"Microsoft.AspNetCore.Mvc.Infrastructure.ControllerActionInvoker","Message":"Executed action FleetStream.Presentation.Controllers.AuthController.IssueDevToken (FleetStream.Presentation) in 60.2084ms","State":{"ActionName":"FleetStream.Presentation.Controllers.AuthController.IssueDevToken (FleetStream.Presentation)","ElapsedMilliseconds":60.2084,"{OriginalFormat}":"Executed action {ActionName} in {ElapsedMilliseconds}ms"},"Scopes":[{"Message":"SpanId:e60761819a003790, TraceId:1e5ccd1015a31d6e2085ba62aec1abe0, ParentId:0000000000000000","SpanId":"e60761819a003790","TraceId":"1e5ccd1015a31d6e2085ba62aec1abe0","ParentId":"0000000000000000"},{"Message":"RequestPath:/api/v1/auth/dev-token RequestId:0HNOI9S285BEU","RequestId":"0HNOI9S285BEU","RequestPath":"/api/v1/auth/dev-token"},{"Message":"System.Collections.Generic.Dictionary\u00602[System.String,System.Object]","correlationId":"c-48edfddd","traceId":"1e5ccd1015a31d6e2085ba62aec1abe0","spanId":"e60761819a003790","service":"fleetstream-bff","version":"1.0.0"}]}&#xD;
{"Timestamp":"2026-09-14T10:57:49.864Z","EventId":1,"LogLevel":"Information","Category":"Microsoft.AspNetCore.Routing.EndpointMiddleware","Message":"Executed endpoint \u0027FleetStream.Presentation.Controllers.AuthController.IssueDevToken (FleetStream.Presentation)\u0027","State":{"EndpointName":"FleetStream.Presentation.Controllers.AuthController.IssueDevToken (FleetStream.Presentation)","{OriginalFormat}":"Executed endpoint \u0027{EndpointName}\u0027"},"Scopes":[{"Message":"SpanId:e60761819a003790, TraceId:1e5ccd1015a31d6e2085ba62aec1abe0, ParentId:0000000000000000","SpanId":"e60761819a003790","TraceId":"1e5ccd1015a31d6e2085ba62aec1abe0","ParentId":"0000000000000000"},{"Message":"RequestPath:/api/v1/auth/dev-token RequestId:0HNOI9S285BEU","RequestId":"0HNOI9S285BEU","RequestPath":"/api/v1/auth/dev-token"},{"Message":"System.Collections.Generic.Dictionary\u00602[System.String,System.Object]","correlationId":"c-48edfddd","traceId":"1e5ccd1015a31d6e2085ba62aec1abe0","spanId":"e60761819a003790","service":"fleetstream-bff","version":"1.0.0"}]}&#xD;
{"Timestamp":"2026-09-14T10:57:49.865Z","EventId":2,"LogLevel":"Information","Category":"Microsoft.AspNetCore.Hosting.Diagnostics","Message":"Request finished HTTP/1.1 POST https://localhost/api/v1/auth/dev-token - 200 - application/json;\u002Bcharset=utf-8 144.0356ms","State":{"ElapsedMilliseconds":144.0356,"StatusCode":200,"ContentType":"application/json; charset=utf-8","ContentLength":null,"Protocol":"HTTP/1.1","Method":"POST","Scheme":"https","Host":"localhost","PathBase":"","Path":"/api/v1/auth/dev-token","QueryString":"","{OriginalFormat}":"Request finished {Protocol} {Method} {Scheme}://{Host}{PathBase}{Path}{QueryString} - {StatusCode} {ContentLength} {ContentType} {ElapsedMilliseconds}ms"},"Scopes":[{"Message":"SpanId:e60761819a003790, TraceId:1e5ccd1015a31d6e2085ba62aec1abe0, ParentId:0000000000000000","SpanId":"e60761819a003790","TraceId":"1e5ccd1015a31d6e2085ba62aec1abe0","ParentId":"0000000000000000"},{"Message":"RequestPath:/api/v1/auth/dev-token RequestId:0HNOI9S285BEU","RequestId":"0HNOI9S285BEU","RequestPath":"/api/v1/auth/dev-token"}]}&#xD;
{"Timestamp":"2026-09-14T10:57:49.885Z","EventId":1,"LogLevel":"Information","Category":"Microsoft.AspNetCore.Hosting.Diagnostics","Message":"Request starting HTTP/1.1 POST https://localhost/hubs/v1/fleet/negotiate?negotiateVersion=1 - - -","State":{"Protocol":"HTTP/1.1","Method":"POST","ContentType":null,"ContentLength":null,"Scheme":"https","Host":"localhost","PathBase":"","Path":"/hubs/v1/fleet/negotiate","QueryString":"?negotiateVersion=1","{OriginalFormat}":"Request starting {Protocol} {Method} {Scheme}://{Host}{PathBase}{Path}{QueryString} - {ContentType} {ContentLength}"},"Scopes":[{"Message":"SpanId:90b7418557794e02, TraceId:4aa6c7a144758b678c8013e1598601b3, ParentId:0000000000000000","SpanId":"90b7418557794e02","TraceId":"4aa6c7a144758b678c8013e1598601b3","ParentId":"0000000000000000"},{"Message":"RequestPath:/hubs/v1/fleet/negotiate RequestId:0HNOI9S285BEV","RequestId":"0HNOI9S285BEV","RequestPath":"/hubs/v1/fleet/negotiate"}]}&#xD;
{"Timestamp":"2026-09-14T10:57:49.905Z","EventId":1,"LogLevel":"Information","Category":"Microsoft.AspNetCore.Authentication.JwtBearer.JwtBearerHandler","Message":"Failed to validate the token.","Exception":"Microsoft.IdentityModel.Tokens.SecurityTokenSignatureKeyNotFoundException: IDX10517: Signature validation failed. The token\u0027s kid is missing. Keys tried: \u0027Microsoft.IdentityModel.Tokens.SymmetricSecurityKey, KeyId: \u0027\u0027, InternalId: \u0027RtO66mJQmZGjuuVcCIKjHKBs6ifJ23SKe9YPlSk5m_s\u0027. , KeyId: \\r\\n\u0027.\nNumber of keys in TokenValidationParameters: \u00271\u0027. \nNumber of keys in Configuration: \u00270\u0027.\nExceptions caught:\n \u0027[PII of type \u0027System.String\u0027 is hidden. For more details, see https://aka.ms/IdentityModel/PII.]\u0027.\ntoken: \u0027[PII of type \u0027Microsoft.IdentityModel.JsonWebTokens.JsonWebToken\u0027 is hidden. For more details, see https://aka.ms/IdentityModel/PII.]\u0027. See https://aka.ms/IDX10503 for details.\r\n   at Microsoft.IdentityModel.JsonWebTokens.JsonWebTokenHandler.ValidateSignature(JsonWebToken jwtToken, TokenValidationParameters validationParameters, BaseConfiguration configuration)\r\n   at Microsoft.IdentityModel.JsonWebTokens.JsonWebTokenHandler.ValidateSignatureAndIssuerSecurityKey(JsonWebToken jsonWebToken, TokenValidationParameters validationParameters, BaseConfiguration configuration)\r\n   at Microsoft.IdentityModel.JsonWebTokens.JsonWebTokenHandler.ValidateJWSAsync(JsonWebToken jsonWebToken, TokenValidationParameters validationParameters, BaseConfiguration configuration)","State":{"{OriginalFormat}":"Failed to validate the token."},"Scopes":[{"Message":"SpanId:90b7418557794e02, TraceId:4aa6c7a144758b678c8013e1598601b3, ParentId:0000000000000000","SpanId":"90b7418557794e02","TraceId":"4aa6c7a144758b678c8013e1598601b3","ParentId":"0000000000000000"},{"Message":"RequestPath:/hubs/v1/fleet/negotiate RequestId:0HNOI9S285BEV","RequestId":"0HNOI9S285BEV","RequestPath":"/hubs/v1/fleet/negotiate"},{"Message":"System.Collections.Generic.Dictionary\u00602[System.String,System.Object]","correlationId":"c-ad3c3ee1","traceId":"4aa6c7a144758b678c8013e1598601b3","spanId":"90b7418557794e02","service":"fleetstream-bff","version":"1.0.0"}]}&#xD;
{"Timestamp":"2026-09-14T10:57:49.909Z","EventId":7,"LogLevel":"Information","Category":"Microsoft.AspNetCore.Authentication.JwtBearer.JwtBearerHandler","Message":"Bearer was not authenticated. Failure message: IDX10517: Signature validation failed. The token\u0027s kid is missing. Keys tried: \u0027Microsoft.IdentityModel.Tokens.SymmetricSecurityKey, KeyId: \u0027\u0027, InternalId: \u0027RtO66mJQmZGjuuVcCIKjHKBs6ifJ23SKe9YPlSk5m_s\u0027. , KeyId: \\r\\n\u0027.\nNumber of keys in TokenValidationParameters: \u00271\u0027. \nNumber of keys in Configuration: \u00270\u0027.\nExceptions caught:\n \u0027[PII of type \u0027System.String\u0027 is hidden. For more details, see https://aka.ms/IdentityModel/PII.]\u0027.\ntoken: \u0027[PII of type \u0027Microsoft.IdentityModel.JsonWebTokens.JsonWebToken\u0027 is hidden. For more details, see https://aka.ms/IdentityModel/PII.]\u0027. See https://aka.ms/IDX10503 for details.","State":{"AuthenticationScheme":"Bearer","FailureMessage":"IDX10517: Signature validation failed. The token\u0027s kid is missing. Keys tried: \u0027Microsoft.IdentityModel.Tokens.SymmetricSecurityKey, KeyId: \u0027\u0027, InternalId: \u0027RtO66mJQmZGjuuVcCIKjHKBs6ifJ23SKe9YPlSk5m_s\u0027. , KeyId: \\r\\n\u0027.\nNumber of keys in TokenValidationParameters: \u00271\u0027. \nNumber of keys in Configuration: \u00270\u0027.\nExceptions caught:\n \u0027[PII of type \u0027System.String\u0027 is hidden. For more details, see https://aka.ms/IdentityModel/PII.]\u0027.\ntoken: \u0027[PII of type \u0027Microsoft.IdentityModel.JsonWebTokens.JsonWebToken\u0027 is hidden. For more details, see https://aka.ms/IdentityModel/PII.]\u0027. See https://aka.ms/IDX10503 for details.","{OriginalFormat}":"{AuthenticationScheme} was not authenticated. Failure message: {FailureMessage}"},"Scopes":[{"Message":"SpanId:90b7418557794e02, TraceId:4aa6c7a144758b678c8013e1598601b3, ParentId:0000000000000000","SpanId":"90b7418557794e02","TraceId":"4aa6c7a144758b678c8013e1598601b3","ParentId":"0000000000000000"},{"Message":"RequestPath:/hubs/v1/fleet/negotiate RequestId:0HNOI9S285BEV","RequestId":"0HNOI9S285BEV","RequestPath":"/hubs/v1/fleet/negotiate"},{"Message":"System.Collections.Generic.Dictionary\u00602[System.String,System.Object]","correlationId":"c-ad3c3ee1","traceId":"4aa6c7a144758b678c8013e1598601b3","spanId":"90b7418557794e02","service":"fleetstream-bff","version":"1.0.0"}]}&#xD;
{"Timestamp":"2026-09-14T10:57:49.911Z","EventId":2,"LogLevel":"Information","Category":"Microsoft.AspNetCore.Authorization.DefaultAuthorizationService","Message":"Authorization failed. These requirements were not met:\r\nDenyAnonymousAuthorizationRequirement: Requires an authenticated user.","State":{"Reason":"These requirements were not met:\r\nDenyAnonymousAuthorizationRequirement: Requires an authenticated user.","{OriginalFormat}":"Authorization failed. {Reason}"},"Scopes":[{"Message":"SpanId:90b7418557794e02, TraceId:4aa6c7a144758b678c8013e1598601b3, ParentId:0000000000000000","SpanId":"90b7418557794e02","TraceId":"4aa6c7a144758b678c8013e1598601b3","ParentId":"0000000000000000"},{"Message":"RequestPath:/hubs/v1/fleet/negotiate RequestId:0HNOI9S285BEV","RequestId":"0HNOI9S285BEV","RequestPath":"/hubs/v1/fleet/negotiate"},{"Message":"System.Collections.Generic.Dictionary\u00602[System.String,System.Object]","correlationId":"c-ad3c3ee1","traceId":"4aa6c7a144758b678c8013e1598601b3","spanId":"90b7418557794e02","service":"fleetstream-bff","version":"1.0.0"}]}&#xD;
{"Timestamp":"2026-09-14T10:57:49.914Z","EventId":12,"LogLevel":"Information","Category":"Microsoft.AspNetCore.Authentication.JwtBearer.JwtBearerHandler","Message":"AuthenticationScheme: Bearer was challenged.","State":{"AuthenticationScheme":"Bearer","{OriginalFormat}":"AuthenticationScheme: {AuthenticationScheme} was challenged."},"Scopes":[{"Message":"SpanId:90b7418557794e02, TraceId:4aa6c7a144758b678c8013e1598601b3, ParentId:0000000000000000","SpanId":"90b7418557794e02","TraceId":"4aa6c7a144758b678c8013e1598601b3","ParentId":"0000000000000000"},{"Message":"RequestPath:/hubs/v1/fleet/negotiate RequestId:0HNOI9S285BEV","RequestId":"0HNOI9S285BEV","RequestPath":"/hubs/v1/fleet/negotiate"},{"Message":"System.Collections.Generic.Dictionary\u00602[System.String,System.Object]","correlationId":"c-ad3c3ee1","traceId":"4aa6c7a144758b678c8013e1598601b3","spanId":"90b7418557794e02","service":"fleetstream-bff","version":"1.0.0"}]}&#xD;
{"Timestamp":"2026-09-14T10:57:49.914Z","EventId":2,"LogLevel":"Information","Category":"Microsoft.AspNetCore.Hosting.Diagnostics","Message":"Request finished HTTP/1.1 POST https://localhost/hubs/v1/fleet/negotiate?negotiateVersion=1 - 401 - - 29.7529ms","State":{"ElapsedMilliseconds":29.7529,"StatusCode":401,"ContentType":null,"ContentLength":null,"Protocol":"HTTP/1.1","Method":"POST","Scheme":"https","Host":"localhost","PathBase":"","Path":"/hubs/v1/fleet/negotiate","QueryString":"?negotiateVersion=1","{OriginalFormat}":"Request finished {Protocol} {Method} {Scheme}://{Host}{PathBase}{Path}{QueryString} - {StatusCode} {ContentLength} {ContentType} {ElapsedMilliseconds}ms"},"Scopes":[{"Message":"SpanId:90b7418557794e02, TraceId:4aa6c7a144758b678c8013e1598601b3, ParentId:0000000000000000","SpanId":"90b7418557794e02","TraceId":"4aa6c7a144758b678c8013e1598601b3","ParentId":"0000000000000000"},{"Message":"RequestPath:/hubs/v1/fleet/negotiate RequestId:0HNOI9S285BEV","RequestId":"0HNOI9S285BEV","RequestPath":"/hubs/v1/fleet/negotiate"}]}&#xD;
[xUnit.net 00:00:01.02]       Expected response.StatusCode to be HttpStatusCode.OK {value: 200}, but found HttpStatusCode.Unauthorized {value: 401}.&#xD;
[xUnit.net 00:00:01.02]       Stack Trace:&#xD;
[xUnit.net 00:00:01.02]            at FluentAssertions.Execution.XUnit2TestFramework.Throw(String message)&#xD;
[xUnit.net 00:00:01.02]            at FluentAssertions.Execution.TestFrameworkProvider.Throw(String message)&#xD;
[xUnit.net 00:00:01.02]            at FluentAssertions.Execution.DefaultAssertionStrategy.HandleFailure(String message)&#xD;
[xUnit.net 00:00:01.02]            at FluentAssertions.Execution.AssertionScope.FailWith(Func`1 failReasonFunc)&#xD;
[xUnit.net 00:00:01.02]            at FluentAssertions.Execution.AssertionScope.FailWith(Func`1 failReasonFunc)&#xD;
[xUnit.net 00:00:01.02]            at FluentAssertions.Execution.AssertionScope.FailWith(String message, Object[] args)&#xD;
[xUnit.net 00:00:01.02]            at FluentAssertions.Primitives.EnumAssertions`2.Be(TEnum expected, String because, Object[] becauseArgs)&#xD;
[xUnit.net 00:00:01.02]         D:\PersonalProject\Repos\FleetStream\BffApi\tests\FleetStream.ApiTests\HostSmokeTests.cs(111,0): at FleetStream.ApiTests.HostSmokeTests.Hub_negotiate_is_reachable_and_offers_websockets()&#xD;
[xUnit.net 00:00:01.02]         --- End of stack trace from previous location ---&#xD;
{"Timestamp":"2026-09-14T10:57:49.977Z","EventId":0,"LogLevel":"Information","Category":"FleetStream.Presentation","Message":"Effective configuration (redacted): {\u0022environment\u0022:\u0022Development\u0022,\u0022features\u0022:{\u0022DevToken\u0022:true,\u0022RemoteConfig\u0022:false,\u0022VerboseTracing\u0022:false},\u0022jwt\u0022:{\u0022Issuer\u0022:\u0022https://auth.fleetstream.example.com\u0022,\u0022Audience\u0022:\u0022fleetstream-bff\u0022,\u0022JwksUri\u0022:\u0022\u0022,\u0022SigningKey\u0022:\u0022***\u0022},\u0022redis\u0022:{\u0022KeyPrefix\u0022:\u0022fleetstream\u0022,\u0022Endpoints\u0022:[\u0022localhost:6379\u0022]},\u0022kafka\u0022:{\u0022Brokers\u0022:\u0022loca\\u20269092\u0022,\u0022ConsumerGroup\u0022:\u0022fleetstream-bff\u0022,\u0022TelemetryTopic\u0022:\u0022fleet.telemetry.processed\u0022,\u0022AlertTopic\u0022:\u0022fleet.alerts\u0022},\u0022openTelemetry\u0022:{\u0022ServiceName\u0022:\u0022fleetstream-bff\u0022,\u0022ServiceVersion\u0022:\u00221.0.0\u0022,\u0022OtlpEndpoint\u0022:\u0022\u0022,\u0022PrometheusEnabled\u0022:\u0022True\u0022},\u0022rateLimiting\u0022:{\u0022GlobalPermitLimit\u0022:\u00221000\u0022,\u0022GlobalWindowSeconds\u0022:\u002260\u0022}}","State":{"Configuration":"{\u0022environment\u0022:\u0022Development\u0022,\u0022features\u0022:{\u0022DevToken\u0022:true,\u0022RemoteConfig\u0022:false,\u0022VerboseTracing\u0022:false},\u0022jwt\u0022:{\u0022Issuer\u0022:\u0022https://auth.fleetstream.example.com\u0022,\u0022Audience\u0022:\u0022fleetstream-bff\u0022,\u0022JwksUri\u0022:\u0022\u0022,\u0022SigningKey\u0022:\u0022***\u0022},\u0022redis\u0022:{\u0022KeyPrefix\u0022:\u0022fleetstream\u0022,\u0022Endpoints\u0022:[\u0022localhost:6379\u0022]},\u0022kafka\u0022:{\u0022Brokers\u0022:\u0022loca\\u20269092\u0022,\u0022ConsumerGroup\u0022:\u0022fleetstream-bff\u0022,\u0022TelemetryTopic\u0022:\u0022fleet.telemetry.processed\u0022,\u0022AlertTopic\u0022:\u0022fleet.alerts\u0022},\u0022openTelemetry\u0022:{\u0022ServiceName\u0022:\u0022fleetstream-bff\u0022,\u0022ServiceVersion\u0022:\u00221.0.0\u0022,\u0022OtlpEndpoint\u0022:\u0022\u0022,\u0022PrometheusEnabled\u0022:\u0022True\u0022},\u0022rateLimiting\u0022:{\u0022GlobalPermitLimit\u0022:\u00221000\u0022,\u0022GlobalWindowSeconds\u0022:\u002260\u0022}}","{OriginalFormat}":"Effective configuration (redacted): {Configuration}"},"Scopes":[]}&#xD;
{"Timestamp":"2026-09-14T10:57:49.980Z","EventId":1,"LogLevel":"Information","Category":"Microsoft.AspNetCore.SignalR.StackExchangeRedis.RedisHubLifetimeManager","Message":"Connecting to Redis endpoints: localhost:6379. Using Server Name: ME-JAFARI_3d77a90b7eb14f609d21a696f21ca159","State":{"Endpoints":"localhost:6379","ServerName":"ME-JAFARI_3d77a90b7eb14f609d21a696f21ca159","{OriginalFormat}":"Connecting to Redis endpoints: {Endpoints}. Using Server Name: {ServerName}"},"Scopes":[]}&#xD;
{"Timestamp":"2026-09-14T10:57:50.000Z","EventId":63,"LogLevel":"Information","Category":"Microsoft.AspNetCore.DataProtection.KeyManagement.XmlKeyManager","Message":"User profile is available. Using \u0027C:\\Users\\me.jafari\\AppData\\Local\\ASP.NET\\DataProtection-Keys\u0027 as key repository and Windows DPAPI to encrypt keys at rest.","State":{"FullName":"C:\\Users\\me.jafari\\AppData\\Local\\ASP.NET\\DataProtection-Keys","{OriginalFormat}":"User profile is available. Using \u0027{FullName}\u0027 as key repository and Windows DPAPI to encrypt keys at rest."},"Scopes":[]}&#xD;
{"Timestamp":"2026-09-14T10:57:50.001Z","EventId":1,"LogLevel":"Information","Category":"Yarp.ReverseProxy.Configuration.ConfigProvider.ConfigurationConfigProvider","Message":"Loading proxy data from config.","State":{"{OriginalFormat}":"Loading proxy data from config."},"Scopes":[]}&#xD;
{"Timestamp":"2026-09-14T10:57:50.001Z","EventId":24,"LogLevel":"Debug","Category":"Yarp.ReverseProxy.Management.ProxyConfigManager","Message":"Destination \u0027default\u0027 has been added.","State":{"destinationId":"default","{OriginalFormat}":"Destination \u0027{destinationId}\u0027 has been added."},"Scopes":[]}&#xD;
{"Timestamp":"2026-09-14T10:57:50.001Z","EventId":45,"LogLevel":"Debug","Category":"Yarp.ReverseProxy.Forwarder.ForwarderHttpClientFactory","Message":"New client created for cluster \u0027ingress-cluster\u0027.","State":{"clusterId":"ingress-cluster","{OriginalFormat}":"New client created for cluster \u0027{clusterId}\u0027."},"Scopes":[]}&#xD;
{"Timestamp":"2026-09-14T10:57:50.001Z","EventId":21,"LogLevel":"Debug","Category":"Yarp.ReverseProxy.Management.ProxyConfigManager","Message":"Cluster \u0027ingress-cluster\u0027 has been added.","State":{"clusterId":"ingress-cluster","{OriginalFormat}":"Cluster \u0027{clusterId}\u0027 has been added."},"Scopes":[]}&#xD;
{"Timestamp":"2026-09-14T10:57:50.001Z","EventId":24,"LogLevel":"Debug","Category":"Yarp.ReverseProxy.Management.ProxyConfigManager","Message":"Destination \u0027default\u0027 has been added.","State":{"destinationId":"default","{OriginalFormat}":"Destination \u0027{destinationId}\u0027 has been added."},"Scopes":[]}&#xD;
{"Timestamp":"2026-09-14T10:57:50.001Z","EventId":45,"LogLevel":"Debug","Category":"Yarp.ReverseProxy.Forwarder.ForwarderHttpClientFactory","Message":"New client created for cluster \u0027streaming-cluster\u0027.","State":{"clusterId":"streaming-cluster","{OriginalFormat}":"New client created for cluster \u0027{clusterId}\u0027."},"Scopes":[]}&#xD;
{"Timestamp":"2026-09-14T10:57:50.001Z","EventId":21,"LogLevel":"Debug","Category":"Yarp.ReverseProxy.Management.ProxyConfigManager","Message":"Cluster \u0027streaming-cluster\u0027 has been added.","State":{"clusterId":"streaming-cluster","{OriginalFormat}":"Cluster \u0027{clusterId}\u0027 has been added."},"Scopes":[]}&#xD;
{"Timestamp":"2026-09-14T10:57:50.001Z","EventId":27,"LogLevel":"Debug","Category":"Yarp.ReverseProxy.Management.ProxyConfigManager","Message":"Route \u0027ingress-route\u0027 has been added.","State":{"routeId":"ingress-route","{OriginalFormat}":"Route \u0027{routeId}\u0027 has been added."},"Scopes":[]}&#xD;
{"Timestamp":"2026-09-14T10:57:50.001Z","EventId":27,"LogLevel":"Debug","Category":"Yarp.ReverseProxy.Management.ProxyConfigManager","Message":"Route \u0027streaming-route\u0027 has been added.","State":{"routeId":"streaming-route","{OriginalFormat}":"Route \u0027{routeId}\u0027 has been added."},"Scopes":[]}&#xD;
{"Timestamp":"2026-09-14T10:57:50.003Z","EventId":0,"LogLevel":"Information","Category":"FleetStream.Presentation","Message":"FleetStream BFF API starting on http://localhost:8080","State":{"Urls":"http://localhost:8080","{OriginalFormat}":"FleetStream BFF API starting on {Urls}"},"Scopes":[]}&#xD;
{"Timestamp":"2026-09-14T10:57:50.003Z","EventId":1,"LogLevel":"Debug","Category":"Microsoft.Extensions.Hosting.Internal.Host","Message":"Hosting starting","State":{"{OriginalFormat}":"Hosting starting"},"Scopes":[]}&#xD;
{"Timestamp":"2026-09-14T10:57:50.018Z","EventId":14,"LogLevel":"Information","Category":"Microsoft.Hosting.Lifetime","Message":"Now listening on: http://127.0.0.1:18080","State":{"address":"http://127.0.0.1:18080","{OriginalFormat}":"Now listening on: {address}"},"Scopes":[]}&#xD;
{"Timestamp":"2026-09-14T10:57:50.018Z","EventId":0,"LogLevel":"Information","Category":"Microsoft.Hosting.Lifetime","Message":"Application started. Press Ctrl\u002BC to shut down.","State":{"{OriginalFormat}":"Application started. Press Ctrl\u002BC to shut down."},"Scopes":[]}&#xD;
{"Timestamp":"2026-09-14T10:57:50.018Z","EventId":0,"LogLevel":"Information","Category":"Microsoft.Hosting.Lifetime","Message":"Hosting environment: Development","State":{"EnvName":"Development","{OriginalFormat}":"Hosting environment: {EnvName}"},"Scopes":[]}&#xD;
{"Timestamp":"2026-09-14T10:57:50.018Z","EventId":0,"LogLevel":"Information","Category":"Microsoft.Hosting.Lifetime","Message":"Content root path: D:\\PersonalProject\\Repos\\FleetStream\\BffApi\\src\\Presentation","State":{"ContentRoot":"D:\\PersonalProject\\Repos\\FleetStream\\BffApi\\src\\Presentation","{OriginalFormat}":"Content root path: {ContentRoot}"},"Scopes":[]}&#xD;
{"Timestamp":"2026-09-14T10:57:50.018Z","EventId":2,"LogLevel":"Debug","Category":"Microsoft.Extensions.Hosting.Internal.Host","Message":"Hosting started","State":{"{OriginalFormat}":"Hosting started"},"Scopes":[]}&#xD;
{"Timestamp":"2026-09-14T10:57:50.018Z","EventId":1,"LogLevel":"Information","Category":"Microsoft.AspNetCore.Hosting.Diagnostics","Message":"Request starting HTTP/1.1 GET https://localhost/api/v1/health/live - - -","State":{"Protocol":"HTTP/1.1","Method":"GET","ContentType":null,"ContentLength":null,"Scheme":"https","Host":"localhost","PathBase":"","Path":"/api/v1/health/live","QueryString":"","{OriginalFormat}":"Request starting {Protocol} {Method} {Scheme}://{Host}{PathBase}{Path}{QueryString} - {ContentType} {ContentLength}"},"Scopes":[{"Message":"SpanId:6549577368a69469, TraceId:0c1e33823f068418ea05e1f458c9ee24, ParentId:0000000000000000","SpanId":"6549577368a69469","TraceId":"0c1e33823f068418ea05e1f458c9ee24","ParentId":"0000000000000000"},{"Message":"RequestPath:/api/v1/health/live RequestId:0HNOI9S285BF0","RequestId":"0HNOI9S285BF0","RequestPath":"/api/v1/health/live"}]}&#xD;
{"Timestamp":"2026-09-14T10:57:50.024Z","EventId":0,"LogLevel":"Information","Category":"Microsoft.AspNetCore.Routing.EndpointMiddleware","Message":"Executing endpoint \u0027Health checks\u0027","State":{"EndpointName":"Health checks","{OriginalFormat}":"Executing endpoint \u0027{EndpointName}\u0027"},"Scopes":[{"Message":"SpanId:6549577368a69469, TraceId:0c1e33823f068418ea05e1f458c9ee24, ParentId:0000000000000000","SpanId":"6549577368a69469","TraceId":"0c1e33823f068418ea05e1f458c9ee24","ParentId":"0000000000000000"},{"Message":"RequestPath:/api/v1/health/live RequestId:0HNOI9S285BF0","RequestId":"0HNOI9S285BF0","RequestPath":"/api/v1/health/live"},{"Message":"System.Collections.Generic.Dictionary\u00602[System.String,System.Object]","correlationId":"c-e912393b","traceId":"0c1e33823f068418ea05e1f458c9ee24","spanId":"6549577368a69469","service":"fleetstream-bff","version":"1.0.0"}]}&#xD;
{"Timestamp":"2026-09-14T10:57:50.025Z","EventId":100,"LogLevel":"Debug","Category":"Microsoft.Extensions.Diagnostics.HealthChecks.DefaultHealthCheckService","Message":"Running health checks","State":{"{OriginalFormat}":"Running health checks"},"Scopes":[{"Message":"SpanId:6549577368a69469, TraceId:0c1e33823f068418ea05e1f458c9ee24, ParentId:0000000000000000","SpanId":"6549577368a69469","TraceId":"0c1e33823f068418ea05e1f458c9ee24","ParentId":"0000000000000000"},{"Message":"RequestPath:/api/v1/health/live RequestId:0HNOI9S285BF0","RequestId":"0HNOI9S285BF0","RequestPath":"/api/v1/health/live"},{"Message":"System.Collections.Generic.Dictionary\u00602[System.String,System.Object]","correlationId":"c-e912393b","traceId":"0c1e33823f068418ea05e1f458c9ee24","spanId":"6549577368a69469","service":"fleetstream-bff","version":"1.0.0"}]}&#xD;
{"Timestamp":"2026-09-14T10:57:50.029Z","EventId":101,"LogLevel":"Debug","Category":"Microsoft.Extensions.Diagnostics.HealthChecks.DefaultHealthCheckService","Message":"Health check processing with combined status Healthy completed after 1.1435ms","State":{"HealthStatus":"Healthy","ElapsedMilliseconds":1.1435,"{OriginalFormat}":"Health check processing with combined status {HealthStatus} completed after {ElapsedMilliseconds}ms"},"Scopes":[{"Message":"SpanId:6549577368a69469, TraceId:0c1e33823f068418ea05e1f458c9ee24, ParentId:0000000000000000","SpanId":"6549577368a69469","TraceId":"0c1e33823f068418ea05e1f458c9ee24","ParentId":"0000000000000000"},{"Message":"RequestPath:/api/v1/health/live RequestId:0HNOI9S285BF0","RequestId":"0HNOI9S285BF0","RequestPath":"/api/v1/health/live"},{"Message":"System.Collections.Generic.Dictionary\u00602[System.String,System.Object]","correlationId":"c-e912393b","traceId":"0c1e33823f068418ea05e1f458c9ee24","spanId":"6549577368a69469","service":"fleetstream-bff","version":"1.0.0"}]}&#xD;
{"Timestamp":"2026-09-14T10:57:50.031Z","EventId":1,"LogLevel":"Information","Category":"Microsoft.AspNetCore.Routing.EndpointMiddleware","Message":"Executed endpoint \u0027Health checks\u0027","State":{"EndpointName":"Health checks","{OriginalFormat}":"Executed endpoint \u0027{EndpointName}\u0027"},"Scopes":[{"Message":"SpanId:6549577368a69469, TraceId:0c1e33823f068418ea05e1f458c9ee24, ParentId:0000000000000000","SpanId":"6549577368a69469","TraceId":"0c1e33823f068418ea05e1f458c9ee24","ParentId":"0000000000000000"},{"Message":"RequestPath:/api/v1/health/live RequestId:0HNOI9S285BF0","RequestId":"0HNOI9S285BF0","RequestPath":"/api/v1/health/live"},{"Message":"System.Collections.Generic.Dictionary\u00602[System.String,System.Object]","correlationId":"c-e912393b","traceId":"0c1e33823f068418ea05e1f458c9ee24","spanId":"6549577368a69469","service":"fleetstream-bff","version":"1.0.0"}]}&#xD;
{"Timestamp":"2026-09-14T10:57:50.032Z","EventId":2,"LogLevel":"Information","Category":"Microsoft.AspNetCore.Hosting.Diagnostics","Message":"Request finished HTTP/1.1 GET https://localhost/api/v1/health/live - 200 - text/plain 13.3651ms","State":{"ElapsedMilliseconds":13.3651,"StatusCode":200,"ContentType":"text/plain","ContentLength":null,"Protocol":"HTTP/1.1","Method":"GET","Scheme":"https","Host":"localhost","PathBase":"","Path":"/api/v1/health/live","QueryString":"","{OriginalFormat}":"Request finished {Protocol} {Method} {Scheme}://{Host}{PathBase}{Path}{QueryString} - {StatusCode} {ContentLength} {ContentType} {ElapsedMilliseconds}ms"},"Scopes":[{"Message":"SpanId:6549577368a69469, TraceId:0c1e33823f068418ea05e1f458c9ee24, ParentId:0000000000000000","SpanId":"6549577368a69469","TraceId":"0c1e33823f068418ea05e1f458c9ee24","ParentId":"0000000000000000"},{"Message":"RequestPath:/api/v1/health/live RequestId:0HNOI9S285BF0","RequestId":"0HNOI9S285BF0","RequestPath":"/api/v1/health/live"}]}&#xD;
{"Timestamp":"2026-09-14T10:57:50.044Z","EventId":0,"LogLevel":"Information","Category":"FleetStream.Presentation","Message":"Effective configuration (redacted): {\u0022environment\u0022:\u0022Development\u0022,\u0022features\u0022:{\u0022DevToken\u0022:true,\u0022RemoteConfig\u0022:false,\u0022VerboseTracing\u0022:false},\u0022jwt\u0022:{\u0022Issuer\u0022:\u0022https://auth.fleetstream.example.com\u0022,\u0022Audience\u0022:\u0022fleetstream-bff\u0022,\u0022JwksUri\u0022:\u0022\u0022,\u0022SigningKey\u0022:\u0022***\u0022},\u0022redis\u0022:{\u0022KeyPrefix\u0022:\u0022fleetstream\u0022,\u0022Endpoints\u0022:[\u0022localhost:6379\u0022]},\u0022kafka\u0022:{\u0022Brokers\u0022:\u0022loca\\u20269092\u0022,\u0022ConsumerGroup\u0022:\u0022fleetstream-bff\u0022,\u0022TelemetryTopic\u0022:\u0022fleet.telemetry.processed\u0022,\u0022AlertTopic\u0022:\u0022fleet.alerts\u0022},\u0022openTelemetry\u0022:{\u0022ServiceName\u0022:\u0022fleetstream-bff\u0022,\u0022ServiceVersion\u0022:\u00221.0.0\u0022,\u0022OtlpEndpoint\u0022:\u0022\u0022,\u0022PrometheusEnabled\u0022:\u0022True\u0022},\u0022rateLimiting\u0022:{\u0022GlobalPermitLimit\u0022:\u00221000\u0022,\u0022GlobalWindowSeconds\u0022:\u002260\u0022}}","State":{"Configuration":"{\u0022environment\u0022:\u0022Development\u0022,\u0022features\u0022:{\u0022DevToken\u0022:true,\u0022RemoteConfig\u0022:false,\u0022VerboseTracing\u0022:false},\u0022jwt\u0022:{\u0022Issuer\u0022:\u0022https://auth.fleetstream.example.com\u0022,\u0022Audience\u0022:\u0022fleetstream-bff\u0022,\u0022JwksUri\u0022:\u0022\u0022,\u0022SigningKey\u0022:\u0022***\u0022},\u0022redis\u0022:{\u0022KeyPrefix\u0022:\u0022fleetstream\u0022,\u0022Endpoints\u0022:[\u0022localhost:6379\u0022]},\u0022kafka\u0022:{\u0022Brokers\u0022:\u0022loca\\u20269092\u0022,\u0022ConsumerGroup\u0022:\u0022fleetstream-bff\u0022,\u0022TelemetryTopic\u0022:\u0022fleet.telemetry.processed\u0022,\u0022AlertTopic\u0022:\u0022fleet.alerts\u0022},\u0022openTelemetry\u0022:{\u0022ServiceName\u0022:\u0022fleetstream-bff\u0022,\u0022ServiceVersion\u0022:\u00221.0.0\u0022,\u0022OtlpEndpoint\u0022:\u0022\u0022,\u0022PrometheusEnabled\u0022:\u0022True\u0022},\u0022rateLimiting\u0022:{\u0022GlobalPermitLimit\u0022:\u00221000\u0022,\u0022GlobalWindowSeconds\u0022:\u002260\u0022}}","{OriginalFormat}":"Effective configuration (redacted): {Configuration}"},"Scopes":[]}&#xD;
{"Timestamp":"2026-09-14T10:57:50.054Z","EventId":1,"LogLevel":"Information","Category":"Microsoft.AspNetCore.SignalR.StackExchangeRedis.RedisHubLifetimeManager","Message":"Connecting to Redis endpoints: localhost:6379. Using Server Name: ME-JAFARI_29b9b1ac19304f64bc8e33085eb2e211","State":{"Endpoints":"localhost:6379","ServerName":"ME-JAFARI_29b9b1ac19304f64bc8e33085eb2e211","{OriginalFormat}":"Connecting to Redis endpoints: {Endpoints}. Using Server Name: {ServerName}"},"Scopes":[]}&#xD;
{"Timestamp":"2026-09-14T10:57:50.074Z","EventId":63,"LogLevel":"Information","Category":"Microsoft.AspNetCore.DataProtection.KeyManagement.XmlKeyManager","Message":"User profile is available. Using \u0027C:\\Users\\me.jafari\\AppData\\Local\\ASP.NET\\DataProtection-Keys\u0027 as key repository and Windows DPAPI to encrypt keys at rest.","State":{"FullName":"C:\\Users\\me.jafari\\AppData\\Local\\ASP.NET\\DataProtection-Keys","{OriginalFormat}":"User profile is available. Using \u0027{FullName}\u0027 as key repository and Windows DPAPI to encrypt keys at rest."},"Scopes":[]}&#xD;
{"Timestamp":"2026-09-14T10:57:50.074Z","EventId":1,"LogLevel":"Information","Category":"Yarp.ReverseProxy.Configuration.ConfigProvider.ConfigurationConfigProvider","Message":"Loading proxy data from config.","State":{"{OriginalFormat}":"Loading proxy data from config."},"Scopes":[]}&#xD;
{"Timestamp":"2026-09-14T10:57:50.075Z","EventId":24,"LogLevel":"Debug","Category":"Yarp.ReverseProxy.Management.ProxyConfigManager","Message":"Destination \u0027default\u0027 has been added.","State":{"destinationId":"default","{OriginalFormat}":"Destination \u0027{destinationId}\u0027 has been added."},"Scopes":[]}&#xD;
{"Timestamp":"2026-09-14T10:57:50.075Z","EventId":45,"LogLevel":"Debug","Category":"Yarp.ReverseProxy.Forwarder.ForwarderHttpClientFactory","Message":"New client created for cluster \u0027ingress-cluster\u0027.","State":{"clusterId":"ingress-cluster","{OriginalFormat}":"New client created for cluster \u0027{clusterId}\u0027."},"Scopes":[]}&#xD;
{"Timestamp":"2026-09-14T10:57:50.075Z","EventId":21,"LogLevel":"Debug","Category":"Yarp.ReverseProxy.Management.ProxyConfigManager","Message":"Cluster \u0027ingress-cluster\u0027 has been added.","State":{"clusterId":"ingress-cluster","{OriginalFormat}":"Cluster \u0027{clusterId}\u0027 has been added."},"Scopes":[]}&#xD;
{"Timestamp":"2026-09-14T10:57:50.075Z","EventId":24,"LogLevel":"Debug","Category":"Yarp.ReverseProxy.Management.ProxyConfigManager","Message":"Destination \u0027default\u0027 has been added.","State":{"destinationId":"default","{OriginalFormat}":"Destination \u0027{destinationId}\u0027 has been added."},"Scopes":[]}&#xD;
{"Timestamp":"2026-09-14T10:57:50.075Z","EventId":45,"LogLevel":"Debug","Category":"Yarp.ReverseProxy.Forwarder.ForwarderHttpClientFactory","Message":"New client created for cluster \u0027streaming-cluster\u0027.","State":{"clusterId":"streaming-cluster","{OriginalFormat}":"New client created for cluster \u0027{clusterId}\u0027."},"Scopes":[]}&#xD;
{"Timestamp":"2026-09-14T10:57:50.075Z","EventId":21,"LogLevel":"Debug","Category":"Yarp.ReverseProxy.Management.ProxyConfigManager","Message":"Cluster \u0027streaming-cluster\u0027 has been added.","State":{"clusterId":"streaming-cluster","{OriginalFormat}":"Cluster \u0027{clusterId}\u0027 has been added."},"Scopes":[]}&#xD;
{"Timestamp":"2026-09-14T10:57:50.075Z","EventId":27,"LogLevel":"Debug","Category":"Yarp.ReverseProxy.Management.ProxyConfigManager","Message":"Route \u0027ingress-route\u0027 has been added.","State":{"routeId":"ingress-route","{OriginalFormat}":"Route \u0027{routeId}\u0027 has been added."},"Scopes":[]}&#xD;
{"Timestamp":"2026-09-14T10:57:50.075Z","EventId":27,"LogLevel":"Debug","Category":"Yarp.ReverseProxy.Management.ProxyConfigManager","Message":"Route \u0027streaming-route\u0027 has been added.","State":{"routeId":"streaming-route","{OriginalFormat}":"Route \u0027{routeId}\u0027 has been added."},"Scopes":[]}&#xD;
{"Timestamp":"2026-09-14T10:57:50.075Z","EventId":0,"LogLevel":"Information","Category":"FleetStream.Presentation","Message":"FleetStream BFF API starting on http://localhost:8080","State":{"Urls":"http://localhost:8080","{OriginalFormat}":"FleetStream BFF API starting on {Urls}"},"Scopes":[]}&#xD;
{"Timestamp":"2026-09-14T10:57:50.075Z","EventId":1,"LogLevel":"Debug","Category":"Microsoft.Extensions.Hosting.Internal.Host","Message":"Hosting starting","State":{"{OriginalFormat}":"Hosting starting"},"Scopes":[]}&#xD;
{"Timestamp":"2026-09-14T10:57:50.084Z","EventId":14,"LogLevel":"Information","Category":"Microsoft.Hosting.Lifetime","Message":"Now listening on: http://127.0.0.1:18080","State":{"address":"http://127.0.0.1:18080","{OriginalFormat}":"Now listening on: {address}"},"Scopes":[]}&#xD;
{"Timestamp":"2026-09-14T10:57:50.084Z","EventId":0,"LogLevel":"Information","Category":"Microsoft.Hosting.Lifetime","Message":"Application started. Press Ctrl\u002BC to shut down.","State":{"{OriginalFormat}":"Application started. Press Ctrl\u002BC to shut down."},"Scopes":[]}&#xD;
{"Timestamp":"2026-09-14T10:57:50.084Z","EventId":0,"LogLevel":"Information","Category":"Microsoft.Hosting.Lifetime","Message":"Hosting environment: Development","State":{"EnvName":"Development","{OriginalFormat}":"Hosting environment: {EnvName}"},"Scopes":[]}&#xD;
{"Timestamp":"2026-09-14T10:57:50.084Z","EventId":0,"LogLevel":"Information","Category":"Microsoft.Hosting.Lifetime","Message":"Content root path: D:\\PersonalProject\\Repos\\FleetStream\\BffApi\\src\\Presentation","State":{"ContentRoot":"D:\\PersonalProject\\Repos\\FleetStream\\BffApi\\src\\Presentation","{OriginalFormat}":"Content root path: {ContentRoot}"},"Scopes":[]}&#xD;
{"Timestamp":"2026-09-14T10:57:50.084Z","EventId":2,"LogLevel":"Debug","Category":"Microsoft.Extensions.Hosting.Internal.Host","Message":"Hosting started","State":{"{OriginalFormat}":"Hosting started"},"Scopes":[]}&#xD;
{"Timestamp":"2026-09-14T10:57:50.085Z","EventId":1,"LogLevel":"Information","Category":"Microsoft.AspNetCore.Hosting.Diagnostics","Message":"Request starting HTTP/1.1 POST https://localhost/api/v1/auth/dev-token - application/json;\u002Bcharset=utf-8 -","State":{"Protocol":"HTTP/1.1","Method":"POST","ContentType":"application/json; charset=utf-8","ContentLength":null,"Scheme":"https","Host":"localhost","PathBase":"","Path":"/api/v1/auth/dev-token","QueryString":"","{OriginalFormat}":"Request starting {Protocol} {Method} {Scheme}://{Host}{PathBase}{Path}{QueryString} - {ContentType} {ContentLength}"},"Scopes":[{"Message":"SpanId:eaf948f700dbf4d0, TraceId:7c92e2e74432fa672138875c73127de6, ParentId:0000000000000000","SpanId":"eaf948f700dbf4d0","TraceId":"7c92e2e74432fa672138875c73127de6","ParentId":"0000000000000000"},{"Message":"RequestPath:/api/v1/auth/dev-token RequestId:0HNOI9S285BF1","RequestId":"0HNOI9S285BF1","RequestPath":"/api/v1/auth/dev-token"}]}&#xD;
{"Timestamp":"2026-09-14T10:57:50.086Z","EventId":0,"LogLevel":"Information","Category":"Microsoft.AspNetCore.Routing.EndpointMiddleware","Message":"Executing endpoint \u0027FleetStream.Presentation.Controllers.AuthController.IssueDevToken (FleetStream.Presentation)\u0027","State":{"EndpointName":"FleetStream.Presentation.Controllers.AuthController.IssueDevToken (FleetStream.Presentation)","{OriginalFormat}":"Executing endpoint \u0027{EndpointName}\u0027"},"Scopes":[{"Message":"SpanId:eaf948f700dbf4d0, TraceId:7c92e2e74432fa672138875c73127de6, ParentId:0000000000000000","SpanId":"eaf948f700dbf4d0","TraceId":"7c92e2e74432fa672138875c73127de6","ParentId":"0000000000000000"},{"Message":"RequestPath:/api/v1/auth/dev-token RequestId:0HNOI9S285BF1","RequestId":"0HNOI9S285BF1","RequestPath":"/api/v1/auth/dev-token"},{"Message":"System.Collections.Generic.Dictionary\u00602[System.String,System.Object]","correlationId":"c-cfdf8167","traceId":"7c92e2e74432fa672138875c73127de6","spanId":"eaf948f700dbf4d0","service":"fleetstream-bff","version":"1.0.0"}]}&#xD;
{"Timestamp":"2026-09-14T10:57:50.091Z","EventId":102,"LogLevel":"Information","Category":"Microsoft.AspNetCore.Mvc.Infrastructure.ControllerActionInvoker","Message":"Route matched with {action = \u0022IssueDevToken\u0022, controller = \u0022Auth\u0022}. Executing controller action with signature System.Threading.Tasks.Task\u00601[Microsoft.AspNetCore.Mvc.ActionResult\u00601[FleetStream.Presentation.Controllers.DevTokenResponse]] IssueDevToken(FleetStream.Presentation.Controllers.DevTokenRequest) on controller FleetStream.Presentation.Controllers.AuthController (FleetStream.Presentation).","State":{"RouteData":"{action = \u0022IssueDevToken\u0022, controller = \u0022Auth\u0022}","MethodInfo":"System.Threading.Tasks.Task\u00601[Microsoft.AspNetCore.Mvc.ActionResult\u00601[FleetStream.Presentation.Controllers.DevTokenResponse]] IssueDevToken(FleetStream.Presentation.Controllers.DevTokenRequest)","Controller":"FleetStream.Presentation.Controllers.AuthController","AssemblyName":"FleetStream.Presentation","{OriginalFormat}":"Route matched with {RouteData}. Executing controller action with signature {MethodInfo} on controller {Controller} ({AssemblyName})."},"Scopes":[{"Message":"SpanId:eaf948f700dbf4d0, TraceId:7c92e2e74432fa672138875c73127de6, ParentId:0000000000000000","SpanId":"eaf948f700dbf4d0","TraceId":"7c92e2e74432fa672138875c73127de6","ParentId":"0000000000000000"},{"Message":"RequestPath:/api/v1/auth/dev-token RequestId:0HNOI9S285BF1","RequestId":"0HNOI9S285BF1","RequestPath":"/api/v1/auth/dev-token"},{"Message":"System.Collections.Generic.Dictionary\u00602[System.String,System.Object]","correlationId":"c-cfdf8167","traceId":"7c92e2e74432fa672138875c73127de6","spanId":"eaf948f700dbf4d0","service":"fleetstream-bff","version":"1.0.0"},{"Message":"FleetStream.Presentation.Controllers.AuthController.IssueDevToken (FleetStream.Presentation)","ActionId":"28a46e3c-bb19-428a-9e15-d3085766c1b9","ActionName":"FleetStream.Presentation.Controllers.AuthController.IssueDevToken (FleetStream.Presentation)"}]}&#xD;
{"Timestamp":"2026-09-14T10:57:50.094Z","EventId":101,"LogLevel":"Information","Category":"Microsoft.AspNetCore.Mvc.Infrastructure.ControllerActionInvoker","Message":"Executing action method FleetStream.Presentation.Controllers.AuthController.IssueDevToken (FleetStream.Presentation) - Validation state: Valid","State":{"ActionName":"FleetStream.Presentation.Controllers.AuthController.IssueDevToken (FleetStream.Presentation)","ValidationState":"Valid","{OriginalFormat}":"Executing action method {ActionName} - Validation state: {ValidationState}"},"Scopes":[{"Message":"SpanId:eaf948f700dbf4d0, TraceId:7c92e2e74432fa672138875c73127de6, ParentId:0000000000000000","SpanId":"eaf948f700dbf4d0","TraceId":"7c92e2e74432fa672138875c73127de6","ParentId":"0000000000000000"},{"Message":"RequestPath:/api/v1/auth/dev-token RequestId:0HNOI9S285BF1","RequestId":"0HNOI9S285BF1","RequestPath":"/api/v1/auth/dev-token"},{"Message":"System.Collections.Generic.Dictionary\u00602[System.String,System.Object]","correlationId":"c-cfdf8167","traceId":"7c92e2e74432fa672138875c73127de6","spanId":"eaf948f700dbf4d0","service":"fleetstream-bff","version":"1.0.0"},{"Message":"FleetStream.Presentation.Controllers.AuthController.IssueDevToken (FleetStream.Presentation)","ActionId":"28a46e3c-bb19-428a-9e15-d3085766c1b9","ActionName":"FleetStream.Presentation.Controllers.AuthController.IssueDevToken (FleetStream.Presentation)"}]}&#xD;
{"Timestamp":"2026-09-14T10:57:50.095Z","EventId":103,"LogLevel":"Information","Category":"Microsoft.AspNetCore.Mvc.Infrastructure.ControllerActionInvoker","Message":"Executed action method FleetStream.Presentation.Controllers.AuthController.IssueDevToken (FleetStream.Presentation), returned result Microsoft.AspNetCore.Mvc.OkObjectResult in 0.307ms.","State":{"ActionName":"FleetStream.Presentation.Controllers.AuthController.IssueDevToken (FleetStream.Presentation)","ActionResult":"Microsoft.AspNetCore.Mvc.OkObjectResult","ElapsedMilliseconds":0.307,"{OriginalFormat}":"Executed action method {ActionName}, returned result {ActionResult} in {ElapsedMilliseconds}ms."},"Scopes":[{"Message":"SpanId:eaf948f700dbf4d0, TraceId:7c92e2e74432fa672138875c73127de6, ParentId:0000000000000000","SpanId":"eaf948f700dbf4d0","TraceId":"7c92e2e74432fa672138875c73127de6","ParentId":"0000000000000000"},{"Message":"RequestPath:/api/v1/auth/dev-token RequestId:0HNOI9S285BF1","RequestId":"0HNOI9S285BF1","RequestPath":"/api/v1/auth/dev-token"},{"Message":"System.Collections.Generic.Dictionary\u00602[System.String,System.Object]","correlationId":"c-cfdf8167","traceId":"7c92e2e74432fa672138875c73127de6","spanId":"eaf948f700dbf4d0","service":"fleetstream-bff","version":"1.0.0"},{"Message":"FleetStream.Presentation.Controllers.AuthController.IssueDevToken (FleetStream.Presentation)","ActionId":"28a46e3c-bb19-428a-9e15-d3085766c1b9","ActionName":"FleetStream.Presentation.Controllers.AuthController.IssueDevToken (FleetStream.Presentation)"}]}&#xD;
{"Timestamp":"2026-09-14T10:57:50.095Z","EventId":1,"LogLevel":"Information","Category":"Microsoft.AspNetCore.Mvc.Infrastructure.ObjectResultExecutor","Message":"Executing OkObjectResult, writing value of type \u0027FleetStream.Presentation.Controllers.DevTokenResponse\u0027.","State":{"ObjectResultType":"OkObjectResult","Type":"FleetStream.Presentation.Controllers.DevTokenResponse","{OriginalFormat}":"Executing {ObjectResultType}, writing value of type \u0027{Type}\u0027."},"Scopes":[{"Message":"SpanId:eaf948f700dbf4d0, TraceId:7c92e2e74432fa672138875c73127de6, ParentId:0000000000000000","SpanId":"eaf948f700dbf4d0","TraceId":"7c92e2e74432fa672138875c73127de6","ParentId":"0000000000000000"},{"Message":"RequestPath:/api/v1/auth/dev-token RequestId:0HNOI9S285BF1","RequestId":"0HNOI9S285BF1","RequestPath":"/api/v1/auth/dev-token"},{"Message":"System.Collections.Generic.Dictionary\u00602[System.String,System.Object]","correlationId":"c-cfdf8167","traceId":"7c92e2e74432fa672138875c73127de6","spanId":"eaf948f700dbf4d0","service":"fleetstream-bff","version":"1.0.0"},{"Message":"FleetStream.Presentation.Controllers.AuthController.IssueDevToken (FleetStream.Presentation)","ActionId":"28a46e3c-bb19-428a-9e15-d3085766c1b9","ActionName":"FleetStream.Presentation.Controllers.AuthController.IssueDevToken (FleetStream.Presentation)"}]}&#xD;
{"Timestamp":"2026-09-14T10:57:50.096Z","EventId":105,"LogLevel":"Information","Category":"Microsoft.AspNetCore.Mvc.Infrastructure.ControllerActionInvoker","Message":"Executed action FleetStream.Presentation.Controllers.AuthController.IssueDevToken (FleetStream.Presentation) in 4.3118ms","State":{"ActionName":"FleetStream.Presentation.Controllers.AuthController.IssueDevToken (FleetStream.Presentation)","ElapsedMilliseconds":4.3118,"{OriginalFormat}":"Executed action {ActionName} in {ElapsedMilliseconds}ms"},"Scopes":[{"Message":"SpanId:eaf948f700dbf4d0, TraceId:7c92e2e74432fa672138875c73127de6, ParentId:0000000000000000","SpanId":"eaf948f700dbf4d0","TraceId":"7c92e2e74432fa672138875c73127de6","ParentId":"0000000000000000"},{"Message":"RequestPath:/api/v1/auth/dev-token RequestId:0HNOI9S285BF1","RequestId":"0HNOI9S285BF1","RequestPath":"/api/v1/auth/dev-token"},{"Message":"System.Collections.Generic.Dictionary\u00602[System.String,System.Object]","correlationId":"c-cfdf8167","traceId":"7c92e2e74432fa672138875c73127de6","spanId":"eaf948f700dbf4d0","service":"fleetstream-bff","version":"1.0.0"}]}&#xD;
{"Timestamp":"2026-09-14T10:57:50.096Z","EventId":1,"LogLevel":"Information","Category":"Microsoft.AspNetCore.Routing.EndpointMiddleware","Message":"Executed endpoint \u0027FleetStream.Presentation.Controllers.AuthController.IssueDevToken (FleetStream.Presentation)\u0027","State":{"EndpointName":"FleetStream.Presentation.Controllers.AuthController.IssueDevToken (FleetStream.Presentation)","{OriginalFormat}":"Executed endpoint \u0027{EndpointName}\u0027"},"Scopes":[{"Message":"SpanId:eaf948f700dbf4d0, TraceId:7c92e2e74432fa672138875c73127de6, ParentId:0000000000000000","SpanId":"eaf948f700dbf4d0","TraceId":"7c92e2e74432fa672138875c73127de6","ParentId":"0000000000000000"},{"Message":"RequestPath:/api/v1/auth/dev-token RequestId:0HNOI9S285BF1","RequestId":"0HNOI9S285BF1","RequestPath":"/api/v1/auth/dev-token"},{"Message":"System.Collections.Generic.Dictionary\u00602[System.String,System.Object]","correlationId":"c-cfdf8167","traceId":"7c92e2e74432fa672138875c73127de6","spanId":"eaf948f700dbf4d0","service":"fleetstream-bff","version":"1.0.0"}]}&#xD;
{"Timestamp":"2026-09-14T10:57:50.096Z","EventId":2,"LogLevel":"Information","Category":"Microsoft.AspNetCore.Hosting.Diagnostics","Message":"Request finished HTTP/1.1 POST https://localhost/api/v1/auth/dev-token - 200 - application/json;\u002Bcharset=utf-8 11.1924ms","State":{"ElapsedMilliseconds":11.1924,"StatusCode":200,"ContentType":"application/json; charset=utf-8","ContentLength":null,"Protocol":"HTTP/1.1","Method":"POST","Scheme":"https","Host":"localhost","PathBase":"","Path":"/api/v1/auth/dev-token","QueryString":"","{OriginalFormat}":"Request finished {Protocol} {Method} {Scheme}://{Host}{PathBase}{Path}{QueryString} - {StatusCode} {ContentLength} {ContentType} {ElapsedMilliseconds}ms"},"Scopes":[{"Message":"SpanId:eaf948f700dbf4d0, TraceId:7c92e2e74432fa672138875c73127de6, ParentId:0000000000000000","SpanId":"eaf948f700dbf4d0","TraceId":"7c92e2e74432fa672138875c73127de6","ParentId":"0000000000000000"},{"Message":"RequestPath:/api/v1/auth/dev-token RequestId:0HNOI9S285BF1","RequestId":"0HNOI9S285BF1","RequestPath":"/api/v1/auth/dev-token"}]}&#xD;
{"Timestamp":"2026-09-14T10:57:50.096Z","EventId":1,"LogLevel":"Information","Category":"Microsoft.AspNetCore.Hosting.Diagnostics","Message":"Request starting HTTP/1.1 GET https://localhost/api/v1/fleet/summary - - -","State":{"Protocol":"HTTP/1.1","Method":"GET","ContentType":null,"ContentLength":null,"Scheme":"https","Host":"localhost","PathBase":"","Path":"/api/v1/fleet/summary","QueryString":"","{OriginalFormat}":"Request starting {Protocol} {Method} {Scheme}://{Host}{PathBase}{Path}{QueryString} - {ContentType} {ContentLength}"},"Scopes":[{"Message":"SpanId:c2baff6e8dcff574, TraceId:31502222572b25be6c32ade8957650a7, ParentId:0000000000000000","SpanId":"c2baff6e8dcff574","TraceId":"31502222572b25be6c32ade8957650a7","ParentId":"0000000000000000"},{"Message":"RequestPath:/api/v1/fleet/summary RequestId:0HNOI9S285BF2","RequestId":"0HNOI9S285BF2","RequestPath":"/api/v1/fleet/summary"}]}&#xD;
{"Timestamp":"2026-09-14T10:57:50.098Z","EventId":1,"LogLevel":"Information","Category":"Microsoft.AspNetCore.Authentication.JwtBearer.JwtBearerHandler","Message":"Failed to validate the token.","Exception":"Microsoft.IdentityModel.Tokens.SecurityTokenSignatureKeyNotFoundException: IDX10517: Signature validation failed. The token\u0027s kid is missing. Keys tried: \u0027Microsoft.IdentityModel.Tokens.SymmetricSecurityKey, KeyId: \u0027\u0027, InternalId: \u0027RtO66mJQmZGjuuVcCIKjHKBs6ifJ23SKe9YPlSk5m_s\u0027. , KeyId: \\r\\n\u0027.\nNumber of keys in TokenValidationParameters: \u00271\u0027. \nNumber of keys in Configuration: \u00270\u0027.\nExceptions caught:\n \u0027[PII of type \u0027System.String\u0027 is hidden. For more details, see https://aka.ms/IdentityModel/PII.]\u0027.\ntoken: \u0027[PII of type \u0027Microsoft.IdentityModel.JsonWebTokens.JsonWebToken\u0027 is hidden. For more details, see https://aka.ms/IdentityModel/PII.]\u0027. See https://aka.ms/IDX10503 for details.\r\n   at Microsoft.IdentityModel.JsonWebTokens.JsonWebTokenHandler.ValidateSignature(JsonWebToken jwtToken, TokenValidationParameters validationParameters, BaseConfiguration configuration)\r\n   at Microsoft.IdentityModel.JsonWebTokens.JsonWebTokenHandler.ValidateSignatureAndIssuerSecurityKey(JsonWebToken jsonWebToken, TokenValidationParameters validationParameters, BaseConfiguration configuration)\r\n   at Microsoft.IdentityModel.JsonWebTokens.JsonWebTokenHandler.ValidateJWSAsync(JsonWebToken jsonWebToken, TokenValidationParameters validationParameters, BaseConfiguration configuration)","State":{"{OriginalFormat}":"Failed to validate the token."},"Scopes":[{"Message":"SpanId:c2baff6e8dcff574, TraceId:31502222572b25be6c32ade8957650a7, ParentId:0000000000000000","SpanId":"c2baff6e8dcff574","TraceId":"31502222572b25be6c32ade8957650a7","ParentId":"0000000000000000"},{"Message":"RequestPath:/api/v1/fleet/summary RequestId:0HNOI9S285BF2","RequestId":"0HNOI9S285BF2","RequestPath":"/api/v1/fleet/summary"},{"Message":"System.Collections.Generic.Dictionary\u00602[System.String,System.Object]","correlationId":"c-be190338","traceId":"31502222572b25be6c32ade8957650a7","spanId":"c2baff6e8dcff574","service":"fleetstream-bff","version":"1.0.0"}]}&#xD;
{"Timestamp":"2026-09-14T10:57:50.098Z","EventId":7,"LogLevel":"Information","Category":"Microsoft.AspNetCore.Authentication.JwtBearer.JwtBearerHandler","Message":"Bearer was not authenticated. Failure message: IDX10517: Signature validation failed. The token\u0027s kid is missing. Keys tried: \u0027Microsoft.IdentityModel.Tokens.SymmetricSecurityKey, KeyId: \u0027\u0027, InternalId: \u0027RtO66mJQmZGjuuVcCIKjHKBs6ifJ23SKe9YPlSk5m_s\u0027. , KeyId: \\r\\n\u0027.\nNumber of keys in TokenValidationParameters: \u00271\u0027. \nNumber of keys in Configuration: \u00270\u0027.\nExceptions caught:\n \u0027[PII of type \u0027System.String\u0027 is hidden. For more details, see https://aka.ms/IdentityModel/PII.]\u0027.\ntoken: \u0027[PII of type \u0027Microsoft.IdentityModel.JsonWebTokens.JsonWebToken\u0027 is hidden. For more details, see https://aka.ms/IdentityModel/PII.]\u0027. See https://aka.ms/IDX10503 for details.","State":{"AuthenticationScheme":"Bearer","FailureMessage":"IDX10517: Signature validation failed. The token\u0027s kid is missing. Keys tried: \u0027Microsoft.IdentityModel.Tokens.SymmetricSecurityKey, KeyId: \u0027\u0027, InternalId: \u0027RtO66mJQmZGjuuVcCIKjHKBs6ifJ23SKe9YPlSk5m_s\u0027. , KeyId: \\r\\n\u0027.\nNumber of keys in TokenValidationParameters: \u00271\u0027. \nNumber of keys in Configuration: \u00270\u0027.\nExceptions caught:\n \u0027[PII of type \u0027System.String\u0027 is hidden. For more details, see https://aka.ms/IdentityModel/PII.]\u0027.\ntoken: \u0027[PII of type \u0027Microsoft.IdentityModel.JsonWebTokens.JsonWebToken\u0027 is hidden. For more details, see https://aka.ms/IdentityModel/PII.]\u0027. See https://aka.ms/IDX10503 for details.","{OriginalFormat}":"{AuthenticationScheme} was not authenticated. Failure message: {FailureMessage}"},"Scopes":[{"Message":"SpanId:c2baff6e8dcff574, TraceId:31502222572b25be6c32ade8957650a7, ParentId:0000000000000000","SpanId":"c2baff6e8dcff574","TraceId":"31502222572b25be6c32ade8957650a7","ParentId":"0000000000000000"},{"Message":"RequestPath:/api/v1/fleet/summary RequestId:0HNOI9S285BF2","RequestId":"0HNOI9S285BF2","RequestPath":"/api/v1/fleet/summary"},{"Message":"System.Collections.Generic.Dictionary\u00602[System.String,System.Object]","correlationId":"c-be190338","traceId":"31502222572b25be6c32ade8957650a7","spanId":"c2baff6e8dcff574","service":"fleetstream-bff","version":"1.0.0"}]}&#xD;
{"Timestamp":"2026-09-14T10:57:50.100Z","EventId":2,"LogLevel":"Information","Category":"Microsoft.AspNetCore.Authorization.DefaultAuthorizationService","Message":"Authorization failed. These requirements were not met:\r\nDenyAnonymousAuthorizationRequirement: Requires an authenticated user.\r\nRolesAuthorizationRequirement:User.IsInRole must be true for one of the following roles: (fleet:reader|fleet:admin)","State":{"Reason":"These requirements were not met:\r\nDenyAnonymousAuthorizationRequirement: Requires an authenticated user.\r\nRolesAuthorizationRequirement:User.IsInRole must be true for one of the following roles: (fleet:reader|fleet:admin)","{OriginalFormat}":"Authorization failed. {Reason}"},"Scopes":[{"Message":"SpanId:c2baff6e8dcff574, TraceId:31502222572b25be6c32ade8957650a7, ParentId:0000000000000000","SpanId":"c2baff6e8dcff574","TraceId":"31502222572b25be6c32ade8957650a7","ParentId":"0000000000000000"},{"Message":"RequestPath:/api/v1/fleet/summary RequestId:0HNOI9S285BF2","RequestId":"0HNOI9S285BF2","RequestPath":"/api/v1/fleet/summary"},{"Message":"System.Collections.Generic.Dictionary\u00602[System.String,System.Object]","correlationId":"c-be190338","traceId":"31502222572b25be6c32ade8957650a7","spanId":"c2baff6e8dcff574","service":"fleetstream-bff","version":"1.0.0"}]}&#xD;
{"Timestamp":"2026-09-14T10:57:50.100Z","EventId":12,"LogLevel":"Information","Category":"Microsoft.AspNetCore.Authentication.JwtBearer.JwtBearerHandler","Message":"AuthenticationScheme: Bearer was challenged.","State":{"AuthenticationScheme":"Bearer","{OriginalFormat}":"AuthenticationScheme: {AuthenticationScheme} was challenged."},"Scopes":[{"Message":"SpanId:c2baff6e8dcff574, TraceId:31502222572b25be6c32ade8957650a7, ParentId:0000000000000000","SpanId":"c2baff6e8dcff574","TraceId":"31502222572b25be6c32ade8957650a7","ParentId":"0000000000000000"},{"Message":"RequestPath:/api/v1/fleet/summary RequestId:0HNOI9S285BF2","RequestId":"0HNOI9S285BF2","RequestPath":"/api/v1/fleet/summary"},{"Message":"System.Collections.Generic.Dictionary\u00602[System.String,System.Object]","correlationId":"c-be190338","traceId":"31502222572b25be6c32ade8957650a7","spanId":"c2baff6e8dcff574","service":"fleetstream-bff","version":"1.0.0"}]}&#xD;
{"Timestamp":"2026-09-14T10:57:50.100Z","EventId":2,"LogLevel":"Information","Category":"Microsoft.AspNetCore.Hosting.Diagnostics","Message":"Request finished HTTP/1.1 GET https://localhost/api/v1/fleet/summary - 401 - - 4.1682ms","State":{"ElapsedMilliseconds":4.1682,"StatusCode":401,"ContentType":null,"ContentLength":null,"Protocol":"HTTP/1.1","Method":"GET","Scheme":"https","Host":"localhost","PathBase":"","Path":"/api/v1/fleet/summary","QueryString":"","{OriginalFormat}":"Request finished {Protocol} {Method} {Scheme}://{Host}{PathBase}{Path}{QueryString} - {StatusCode} {ContentLength} {ContentType} {ElapsedMilliseconds}ms"},"Scopes":[{"Message":"SpanId:c2baff6e8dcff574, TraceId:31502222572b25be6c32ade8957650a7, ParentId:0000000000000000","SpanId":"c2baff6e8dcff574","TraceId":"31502222572b25be6c32ade8957650a7","ParentId":"0000000000000000"},{"Message":"RequestPath:/api/v1/fleet/summary RequestId:0HNOI9S285BF2","RequestId":"0HNOI9S285BF2","RequestPath":"/api/v1/fleet/summary"}]}&#xD;
[xUnit.net 00:00:01.16]       Expected response.StatusCode to be HttpStatusCode.OK {value: 200} because /api/v1/fleet/summary must degrade gracefully, not surface an unhandled exception, but found HttpStatusCode.Unauthorized {value: 401}.&#xD;
[xUnit.net 00:00:01.16]       Stack Trace:&#xD;
[xUnit.net 00:00:01.16]            at FluentAssertions.Execution.XUnit2TestFramework.Throw(String message)&#xD;
[xUnit.net 00:00:01.16]            at FluentAssertions.Execution.TestFrameworkProvider.Throw(String message)&#xD;
[xUnit.net 00:00:01.16]            at FluentAssertions.Execution.DefaultAssertionStrategy.HandleFailure(String message)&#xD;
[xUnit.net 00:00:01.16]            at FluentAssertions.Execution.AssertionScope.FailWith(Func`1 failReasonFunc)&#xD;
[xUnit.net 00:00:01.16]            at FluentAssertions.Execution.AssertionScope.FailWith(Func`1 failReasonFunc)&#xD;
[xUnit.net 00:00:01.16]            at FluentAssertions.Execution.AssertionScope.FailWith(String message, Object[] args)&#xD;
[xUnit.net 00:00:01.16]            at FluentAssertions.Primitives.EnumAssertions`2.Be(TEnum expected, String because, Object[] becauseArgs)&#xD;
[xUnit.net 00:00:01.16]         D:\PersonalProject\Repos\FleetStream\BffApi\tests\FleetStream.ApiTests\HostSmokeTests.cs(93,0): at FleetStream.ApiTests.HostSmokeTests.Fleet_endpoints_do_not_throw_when_Redis_is_unreachable()&#xD;
[xUnit.net 00:00:01.16]         --- End of stack trace from previous location ---&#xD;
{"Timestamp":"2026-09-14T10:57:50.104Z","EventId":3,"LogLevel":"Debug","Category":"Microsoft.Extensions.Hosting.Internal.Host","Message":"Hosting stopping","State":{"{OriginalFormat}":"Hosting stopping"},"Scopes":[]}&#xD;
{"Timestamp":"2026-09-14T10:57:50.104Z","EventId":0,"LogLevel":"Information","Category":"Microsoft.Hosting.Lifetime","Message":"Application is shutting down...","State":{"{OriginalFormat}":"Application is shutting down..."},"Scopes":[]}&#xD;
{"Timestamp":"2026-09-14T10:57:50.104Z","EventId":3,"LogLevel":"Debug","Category":"Microsoft.Extensions.Hosting.Internal.Host","Message":"Hosting stopping","State":{"{OriginalFormat}":"Hosting stopping"},"Scopes":[]}&#xD;
{"Timestamp":"2026-09-14T10:57:50.107Z","EventId":4,"LogLevel":"Debug","Category":"Microsoft.Extensions.Hosting.Internal.Host","Message":"Hosting stopped","State":{"{OriginalFormat}":"Hosting stopped"},"Scopes":[]}&#xD;
{"Timestamp":"2026-09-14T10:57:50.107Z","EventId":4,"LogLevel":"Debug","Category":"Microsoft.Extensions.Hosting.Internal.Host","Message":"Hosting stopped","State":{"{OriginalFormat}":"Hosting stopped"},"Scopes":[]}&#xD;
{"Timestamp":"2026-09-14T10:57:50.108Z","EventId":3,"LogLevel":"Debug","Category":"Microsoft.Extensions.Hosting.Internal.Host","Message":"Hosting stopping","State":{"{OriginalFormat}":"Hosting stopping"},"Scopes":[]}&#xD;
{"Timestamp":"2026-09-14T10:57:50.108Z","EventId":0,"LogLevel":"Information","Category":"Microsoft.Hosting.Lifetime","Message":"Application is shutting down...","State":{"{OriginalFormat}":"Application is shutting down..."},"Scopes":[]}&#xD;
{"Timestamp":"2026-09-14T10:57:50.108Z","EventId":3,"LogLevel":"Debug","Category":"Microsoft.Extensions.Hosting.Internal.Host","Message":"Hosting stopping","State":{"{OriginalFormat}":"Hosting stopping"},"Scopes":[]}&#xD;
{"Timestamp":"2026-09-14T10:57:50.108Z","EventId":4,"LogLevel":"Debug","Category":"Microsoft.Extensions.Hosting.Internal.Host","Message":"Hosting stopped","State":{"{OriginalFormat}":"Hosting stopped"},"Scopes":[]}&#xD;
{"Timestamp":"2026-09-14T10:57:50.115Z","EventId":3,"LogLevel":"Debug","Category":"Microsoft.Extensions.Hosting.Internal.Host","Message":"Hosting stopping","State":{"{OriginalFormat}":"Hosting stopping"},"Scopes":[]}&#xD;
{"Timestamp":"2026-09-14T10:57:50.115Z","EventId":0,"LogLevel":"Information","Category":"Microsoft.Hosting.Lifetime","Message":"Application is shutting down...","State":{"{OriginalFormat}":"Application is shutting down..."},"Scopes":[]}&#xD;
{"Timestamp":"2026-09-14T10:57:50.116Z","EventId":4,"LogLevel":"Debug","Category":"Microsoft.Extensions.Hosting.Internal.Host","Message":"Hosting stopped","State":{"{OriginalFormat}":"Hosting stopped"},"Scopes":[]}&#xD;
{"Timestamp":"2026-09-14T10:57:50.116Z","EventId":3,"LogLevel":"Debug","Category":"Microsoft.Extensions.Hosting.Internal.Host","Message":"Hosting stopping","State":{"{OriginalFormat}":"Hosting stopping"},"Scopes":[]}&#xD;
{"Timestamp":"2026-09-14T10:57:50.116Z","EventId":4,"LogLevel":"Debug","Category":"Microsoft.Extensions.Hosting.Internal.Host","Message":"Hosting stopped","State":{"{OriginalFormat}":"Hosting stopped"},"Scopes":[]}&#xD;
{"Timestamp":"2026-09-14T10:57:50.116Z","EventId":3,"LogLevel":"Debug","Category":"Microsoft.Extensions.Hosting.Internal.Host","Message":"Hosting stopping","State":{"{OriginalFormat}":"Hosting stopping"},"Scopes":[]}&#xD;
{"Timestamp":"2026-09-14T10:57:50.116Z","EventId":0,"LogLevel":"Information","Category":"Microsoft.Hosting.Lifetime","Message":"Application is shutting down...","State":{"{OriginalFormat}":"Application is shutting down..."},"Scopes":[]}&#xD;
{"Timestamp":"2026-09-14T10:57:50.116Z","EventId":3,"LogLevel":"Debug","Category":"Microsoft.Extensions.Hosting.Internal.Host","Message":"Hosting stopping","State":{"{OriginalFormat}":"Hosting stopping"},"Scopes":[]}&#xD;
{"Timestamp":"2026-09-14T10:57:50.116Z","EventId":4,"LogLevel":"Debug","Category":"Microsoft.Extensions.Hosting.Internal.Host","Message":"Hosting stopped","State":{"{OriginalFormat}":"Hosting stopped"},"Scopes":[]}&#xD;
{"Timestamp":"2026-09-14T10:57:50.116Z","EventId":4,"LogLevel":"Debug","Category":"Microsoft.Extensions.Hosting.Internal.Host","Message":"Hosting stopped","State":{"{OriginalFormat}":"Hosting stopped"},"Scopes":[]}&#xD;
{"Timestamp":"2026-09-14T10:57:50.116Z","EventId":4,"LogLevel":"Debug","Category":"Microsoft.Extensions.Hosting.Internal.Host","Message":"Hosting stopped","State":{"{OriginalFormat}":"Hosting stopped"},"Scopes":[]}&#xD;
[xUnit.net 00:00:01.18]   Finished:    FleetStream.ApiTests&#xD;
</StdOut>
    </Output>
    <RunInfos>
      <RunInfo computerName="ME-JAFARI" outcome="Error" timestamp="2026-09-14T14:27:49.9660052+03:30">
        <Text>[xUnit.net 00:00:01.02]     FleetStream.ApiTests.HostSmokeTests.Hub_negotiate_is_reachable_and_offers_websockets [FAIL]</Text>
      </RunInfo>
      <RunInfo computerName="ME-JAFARI" outcome="Error" timestamp="2026-09-14T14:27:50.1027038+03:30">
        <Text>[xUnit.net 00:00:01.16]     FleetStream.ApiTests.HostSmokeTests.Fleet_endpoints_do_not_throw_when_Redis_is_unreachable [FAIL]</Text>
      </RunInfo>
    </RunInfos>
  </ResultSummary>
</TestRun>